<?xml version="1.0" encoding="UTF-8"?>
<testsuites name="Login Validation Test Suite for Test Case with Excel" time="304" tests="15" failures="1" errors="0">
   <testsuite name="Login Validation Test Suite for Test Case with Excel" tests="15" failures="1" errors="0" time="304" timestamp="2019-05-05 14:20:30" hostname="AHMAS014 - WX-5CG9071ZMF.wdw.disney.com" id="Test Suites/Login Validation Test Suite for Test Case with Excel">
      <properties>
         <property name="deviceName" value=""/>
         <property name="devicePlatform" value=""/>
         <property name="logFolder" value="C:\\Users\\ahmas014\\git\\Katalon-Smoke-Test\\Reports\\Login Validation Test Suite for Test Case with Excel\\20190505_142025"/>
         <property name="logFiles" value="C:\\Users\\ahmas014\\git\\Katalon-Smoke-Test\\Reports\\Login Validation Test Suite for Test Case with Excel\\20190505_142025\\execution0.log"/>
         <property name="attachments" value="C:\\Users\\ahmas014\\git\\Katalon-Smoke-Test\\Reports\\Login Validation Test Suite for Test Case with Excel\\20190505_142025\\1557080681858.png"/>
         <property name="hostName" value="AHMAS014 - WX-5CG9071ZMF.wdw.disney.com"/>
         <property name="os" value="Windows 10 64bit"/>
         <property name="katalonVersion" value="6.1.2.2"/>
         <property name="browser" value="Chrome 73.0.3683.75"/>
         <property name="hostAddress" value="10.25.116.64"/>
         <property name="sessionId" value="98e944c9b9bc006d905916f276f3241c"/>
         <property name="seleniumVersion" value="3.7.1"/>
         <property name="proxyInformation" value="ProxyInformation{proxyOption=NO_PROXY, proxyServerType=HTTP, password=, proxyServerAddress=, proxyServerPort=0}"/>
         <property name="platform" value="Windows 10"/>
      </properties>
      <testcase name="Test Cases/Login Validation Test Case with Excel" classname="Test Cases/Login Validation Test Case with Excel" status="PASSED">
         <system-out><![CDATA[2019-05-05 14:20:31 - [TEST_CASE][PASSED] - Test Cases/Login Validation Test Case with Excel: Test Cases/Login Validation Test Case with Excel

2019-05-05 14:20:32 - [TEST_STEP][PASSED] - openBrowser(""): Browser is opened with url: ''

2019-05-05 14:20:32 - [MESSAGE][INFO] - Starting 'Chrome' driver

2019-05-05 14:20:32 - [MESSAGE][INFO] - Action delay is set to 0 seconds

2019-05-05 14:20:39 - [MESSAGE][PASSED] - Browser is opened with url: ''

2019-05-05 14:20:39 - [TEST_STEP][PASSED] - navigateToUrl("https://ondemand.ca.com/web/portal/login?TYPE=33554433&REALMOID=06-000ef9db-0146-19ef-9589-0194ac184032&GUID=&SMAUTHREASON=0&METHOD=GET&SMAGENTNAME=-SM-U2oxHNw%2fhwkS9d8eFxBR4kd609FfW4%2b3jBM0jHQpPFSdBOnBEsclAUJfVaZnAfcL&TARGET=-SM-https%3a%2f%2fondemand%2eca%2ecom%2fweb%2fselect%2fdestination"): Navigate to 'https://ondemand.ca.com/web/portal/login?TYPE=33554433&REALMOID=06-000ef9db-0146-19ef-9589-0194ac184032&GUID=&SMAUTHREASON=0&METHOD=GET&SMAGENTNAME=-SM-U2oxHNw%2fhwkS9d8eFxBR4kd609FfW4%2b3jBM0jHQpPFSdBOnBEsclAUJfVaZnAfcL&TARGET=-SM-https%3a%2f%2fondemand%2eca%2ecom%2fweb%2fselect%2fdestination' successfully

2019-05-05 14:20:41 - [MESSAGE][PASSED] - Navigate to 'https://ondemand.ca.com/web/portal/login?TYPE=33554433&REALMOID=06-000ef9db-0146-19ef-9589-0194ac184032&GUID=&SMAUTHREASON=0&METHOD=GET&SMAGENTNAME=-SM-U2oxHNw%2fhwkS9d8eFxBR4kd609FfW4%2b3jBM0jHQpPFSdBOnBEsclAUJfVaZnAfcL&TARGET=-SM-https%3a%2f%2fondemand%2eca%2ecom%2fweb%2fselect%2fdestination' successfully

2019-05-05 14:20:41 - [TEST_STEP][PASSED] - setText(findTestObject("Object Repository/Login-TimeTimeEnter/Page_Sign In - cacom/input_Email Address__58_login"), varEmailAddress): Text 'Tim.Timenterer@disney.com
' is set on object 'Object Repository/Login-TimeTimeEnter/Page_Sign In - cacom/input_Email Address__58_login'

2019-05-05 14:20:42 - [MESSAGE][PASSED] - Text 'Tim.Timenterer@disney.com
' is set on object 'Object Repository/Login-TimeTimeEnter/Page_Sign In - cacom/input_Email Address__58_login'

2019-05-05 14:20:42 - [TEST_STEP][PASSED] - setText(findTestObject("Object Repository/Login-TimeTimeEnter/Page_Sign In - cacom/input_Password__58_password"), varPassword): Text 'clarity0419' is set on object 'Object Repository/Login-TimeTimeEnter/Page_Sign In - cacom/input_Password__58_password'

2019-05-05 14:20:43 - [MESSAGE][PASSED] - Text 'clarity0419' is set on object 'Object Repository/Login-TimeTimeEnter/Page_Sign In - cacom/input_Password__58_password'

2019-05-05 14:20:43 - [TEST_STEP][PASSED] - click(findTestObject("Object Repository/Login-TimeTimeEnter/Page_Sign In - cacom/input")): Object: 'Object Repository/Login-TimeTimeEnter/Page_Sign In - cacom/input' is clicked on

2019-05-05 14:20:44 - [MESSAGE][PASSED] - Object: 'Object Repository/Login-TimeTimeEnter/Page_Sign In - cacom/input' is clicked on

2019-05-05 14:20:44 - [TEST_STEP][PASSED] - click(findTestObject("Object Repository/Login-TimeTimeEnter/Page_My Places - cacom/a_WDPR Tomorrowland - Test")): Object: 'Object Repository/Login-TimeTimeEnter/Page_My Places - cacom/a_WDPR Tomorrowland - Test' is clicked on

2019-05-05 14:20:46 - [MESSAGE][PASSED] - Object: 'Object Repository/Login-TimeTimeEnter/Page_My Places - cacom/a_WDPR Tomorrowland - Test' is clicked on

2019-05-05 14:20:46 - [TEST_STEP][PASSED] - click(findTestObject("Object Repository/Login-TimeTimeEnter/Page_PPM - Last Refreshed on 4222019  Overview General/a_Logout")): Object: 'Object Repository/Login-TimeTimeEnter/Page_PPM - Last Refreshed on 4222019  Overview General/a_Logout' is clicked on

2019-05-05 14:20:50 - [MESSAGE][PASSED] - Object: 'Object Repository/Login-TimeTimeEnter/Page_PPM - Last Refreshed on 4222019  Overview General/a_Logout' is clicked on]]></system-out>
         <system-err><![CDATA[]]></system-err>
      </testcase>
      <testcase name="Test Cases/Login Validation Test Case with Excel" classname="Test Cases/Login Validation Test Case with Excel" status="PASSED">
         <system-out><![CDATA[2019-05-05 14:20:50 - [TEST_CASE][PASSED] - Test Cases/Login Validation Test Case with Excel: Test Cases/Login Validation Test Case with Excel

2019-05-05 14:20:50 - [TEST_STEP][PASSED] - openBrowser(""): Browser is opened with url: ''

2019-05-05 14:20:50 - [MESSAGE][WARNING] - A browser is already opened. Closing browser and opening a new one

2019-05-05 14:20:51 - [MESSAGE][INFO] - Starting 'Chrome' driver

2019-05-05 14:20:55 - [MESSAGE][PASSED] - Browser is opened with url: ''

2019-05-05 14:20:55 - [TEST_STEP][PASSED] - navigateToUrl("https://ondemand.ca.com/web/portal/login?TYPE=33554433&REALMOID=06-000ef9db-0146-19ef-9589-0194ac184032&GUID=&SMAUTHREASON=0&METHOD=GET&SMAGENTNAME=-SM-U2oxHNw%2fhwkS9d8eFxBR4kd609FfW4%2b3jBM0jHQpPFSdBOnBEsclAUJfVaZnAfcL&TARGET=-SM-https%3a%2f%2fondemand%2eca%2ecom%2fweb%2fselect%2fdestination"): Navigate to 'https://ondemand.ca.com/web/portal/login?TYPE=33554433&REALMOID=06-000ef9db-0146-19ef-9589-0194ac184032&GUID=&SMAUTHREASON=0&METHOD=GET&SMAGENTNAME=-SM-U2oxHNw%2fhwkS9d8eFxBR4kd609FfW4%2b3jBM0jHQpPFSdBOnBEsclAUJfVaZnAfcL&TARGET=-SM-https%3a%2f%2fondemand%2eca%2ecom%2fweb%2fselect%2fdestination' successfully

2019-05-05 14:20:57 - [MESSAGE][PASSED] - Navigate to 'https://ondemand.ca.com/web/portal/login?TYPE=33554433&REALMOID=06-000ef9db-0146-19ef-9589-0194ac184032&GUID=&SMAUTHREASON=0&METHOD=GET&SMAGENTNAME=-SM-U2oxHNw%2fhwkS9d8eFxBR4kd609FfW4%2b3jBM0jHQpPFSdBOnBEsclAUJfVaZnAfcL&TARGET=-SM-https%3a%2f%2fondemand%2eca%2ecom%2fweb%2fselect%2fdestination' successfully

2019-05-05 14:20:57 - [TEST_STEP][PASSED] - setText(findTestObject("Object Repository/Login-TimeTimeEnter/Page_Sign In - cacom/input_Email Address__58_login"), varEmailAddress): Text 'Curt.Contractor@disney.com' is set on object 'Object Repository/Login-TimeTimeEnter/Page_Sign In - cacom/input_Email Address__58_login'

2019-05-05 14:20:58 - [MESSAGE][PASSED] - Text 'Curt.Contractor@disney.com' is set on object 'Object Repository/Login-TimeTimeEnter/Page_Sign In - cacom/input_Email Address__58_login'

2019-05-05 14:20:58 - [TEST_STEP][PASSED] - setText(findTestObject("Object Repository/Login-TimeTimeEnter/Page_Sign In - cacom/input_Password__58_password"), varPassword): Text 'clarity0419' is set on object 'Object Repository/Login-TimeTimeEnter/Page_Sign In - cacom/input_Password__58_password'

2019-05-05 14:20:58 - [MESSAGE][PASSED] - Text 'clarity0419' is set on object 'Object Repository/Login-TimeTimeEnter/Page_Sign In - cacom/input_Password__58_password'

2019-05-05 14:20:58 - [TEST_STEP][PASSED] - click(findTestObject("Object Repository/Login-TimeTimeEnter/Page_Sign In - cacom/input")): Object: 'Object Repository/Login-TimeTimeEnter/Page_Sign In - cacom/input' is clicked on

2019-05-05 14:21:00 - [MESSAGE][PASSED] - Object: 'Object Repository/Login-TimeTimeEnter/Page_Sign In - cacom/input' is clicked on

2019-05-05 14:21:00 - [TEST_STEP][PASSED] - click(findTestObject("Object Repository/Login-TimeTimeEnter/Page_My Places - cacom/a_WDPR Tomorrowland - Test")): Object: 'Object Repository/Login-TimeTimeEnter/Page_My Places - cacom/a_WDPR Tomorrowland - Test' is clicked on

2019-05-05 14:21:02 - [MESSAGE][PASSED] - Object: 'Object Repository/Login-TimeTimeEnter/Page_My Places - cacom/a_WDPR Tomorrowland - Test' is clicked on

2019-05-05 14:21:02 - [TEST_STEP][PASSED] - click(findTestObject("Object Repository/Login-TimeTimeEnter/Page_PPM - Last Refreshed on 4222019  Overview General/a_Logout")): Object: 'Object Repository/Login-TimeTimeEnter/Page_PPM - Last Refreshed on 4222019  Overview General/a_Logout' is clicked on

2019-05-05 14:21:06 - [MESSAGE][PASSED] - Object: 'Object Repository/Login-TimeTimeEnter/Page_PPM - Last Refreshed on 4222019  Overview General/a_Logout' is clicked on]]></system-out>
         <system-err><![CDATA[]]></system-err>
      </testcase>
      <testcase name="Test Cases/Login Validation Test Case with Excel" classname="Test Cases/Login Validation Test Case with Excel" status="PASSED">
         <system-out><![CDATA[2019-05-05 14:21:06 - [TEST_CASE][PASSED] - Test Cases/Login Validation Test Case with Excel: Test Cases/Login Validation Test Case with Excel

2019-05-05 14:21:06 - [TEST_STEP][PASSED] - openBrowser(""): Browser is opened with url: ''

2019-05-05 14:21:06 - [MESSAGE][WARNING] - A browser is already opened. Closing browser and opening a new one

2019-05-05 14:21:08 - [MESSAGE][INFO] - Starting 'Chrome' driver

2019-05-05 14:21:11 - [MESSAGE][PASSED] - Browser is opened with url: ''

2019-05-05 14:21:11 - [TEST_STEP][PASSED] - navigateToUrl("https://ondemand.ca.com/web/portal/login?TYPE=33554433&REALMOID=06-000ef9db-0146-19ef-9589-0194ac184032&GUID=&SMAUTHREASON=0&METHOD=GET&SMAGENTNAME=-SM-U2oxHNw%2fhwkS9d8eFxBR4kd609FfW4%2b3jBM0jHQpPFSdBOnBEsclAUJfVaZnAfcL&TARGET=-SM-https%3a%2f%2fondemand%2eca%2ecom%2fweb%2fselect%2fdestination"): Navigate to 'https://ondemand.ca.com/web/portal/login?TYPE=33554433&REALMOID=06-000ef9db-0146-19ef-9589-0194ac184032&GUID=&SMAUTHREASON=0&METHOD=GET&SMAGENTNAME=-SM-U2oxHNw%2fhwkS9d8eFxBR4kd609FfW4%2b3jBM0jHQpPFSdBOnBEsclAUJfVaZnAfcL&TARGET=-SM-https%3a%2f%2fondemand%2eca%2ecom%2fweb%2fselect%2fdestination' successfully

2019-05-05 14:21:14 - [MESSAGE][PASSED] - Navigate to 'https://ondemand.ca.com/web/portal/login?TYPE=33554433&REALMOID=06-000ef9db-0146-19ef-9589-0194ac184032&GUID=&SMAUTHREASON=0&METHOD=GET&SMAGENTNAME=-SM-U2oxHNw%2fhwkS9d8eFxBR4kd609FfW4%2b3jBM0jHQpPFSdBOnBEsclAUJfVaZnAfcL&TARGET=-SM-https%3a%2f%2fondemand%2eca%2ecom%2fweb%2fselect%2fdestination' successfully

2019-05-05 14:21:14 - [TEST_STEP][PASSED] - setText(findTestObject("Object Repository/Login-TimeTimeEnter/Page_Sign In - cacom/input_Email Address__58_login"), varEmailAddress): Text 'Patty.ProjectManager@disney.com' is set on object 'Object Repository/Login-TimeTimeEnter/Page_Sign In - cacom/input_Email Address__58_login'

2019-05-05 14:21:15 - [MESSAGE][PASSED] - Text 'Patty.ProjectManager@disney.com' is set on object 'Object Repository/Login-TimeTimeEnter/Page_Sign In - cacom/input_Email Address__58_login'

2019-05-05 14:21:15 - [TEST_STEP][PASSED] - setText(findTestObject("Object Repository/Login-TimeTimeEnter/Page_Sign In - cacom/input_Password__58_password"), varPassword): Text 'clarity0319' is set on object 'Object Repository/Login-TimeTimeEnter/Page_Sign In - cacom/input_Password__58_password'

2019-05-05 14:21:15 - [MESSAGE][PASSED] - Text 'clarity0319' is set on object 'Object Repository/Login-TimeTimeEnter/Page_Sign In - cacom/input_Password__58_password'

2019-05-05 14:21:15 - [TEST_STEP][PASSED] - click(findTestObject("Object Repository/Login-TimeTimeEnter/Page_Sign In - cacom/input")): Object: 'Object Repository/Login-TimeTimeEnter/Page_Sign In - cacom/input' is clicked on

2019-05-05 14:21:17 - [MESSAGE][PASSED] - Object: 'Object Repository/Login-TimeTimeEnter/Page_Sign In - cacom/input' is clicked on

2019-05-05 14:21:17 - [TEST_STEP][PASSED] - click(findTestObject("Object Repository/Login-TimeTimeEnter/Page_My Places - cacom/a_WDPR Tomorrowland - Test")): Object: 'Object Repository/Login-TimeTimeEnter/Page_My Places - cacom/a_WDPR Tomorrowland - Test' is clicked on

2019-05-05 14:21:20 - [MESSAGE][PASSED] - Object: 'Object Repository/Login-TimeTimeEnter/Page_My Places - cacom/a_WDPR Tomorrowland - Test' is clicked on

2019-05-05 14:21:20 - [TEST_STEP][PASSED] - click(findTestObject("Object Repository/Login-TimeTimeEnter/Page_PPM - Last Refreshed on 4222019  Overview General/a_Logout")): Object: 'Object Repository/Login-TimeTimeEnter/Page_PPM - Last Refreshed on 4222019  Overview General/a_Logout' is clicked on

2019-05-05 14:21:24 - [MESSAGE][PASSED] - Object: 'Object Repository/Login-TimeTimeEnter/Page_PPM - Last Refreshed on 4222019  Overview General/a_Logout' is clicked on]]></system-out>
         <system-err><![CDATA[]]></system-err>
      </testcase>
      <testcase name="Test Cases/Login Validation Test Case with Excel" classname="Test Cases/Login Validation Test Case with Excel" status="PASSED">
         <system-out><![CDATA[2019-05-05 14:21:24 - [TEST_CASE][PASSED] - Test Cases/Login Validation Test Case with Excel: Test Cases/Login Validation Test Case with Excel

2019-05-05 14:21:24 - [TEST_STEP][PASSED] - openBrowser(""): Browser is opened with url: ''

2019-05-05 14:21:24 - [MESSAGE][WARNING] - A browser is already opened. Closing browser and opening a new one

2019-05-05 14:21:25 - [MESSAGE][INFO] - Starting 'Chrome' driver

2019-05-05 14:21:29 - [MESSAGE][PASSED] - Browser is opened with url: ''

2019-05-05 14:21:29 - [TEST_STEP][PASSED] - navigateToUrl("https://ondemand.ca.com/web/portal/login?TYPE=33554433&REALMOID=06-000ef9db-0146-19ef-9589-0194ac184032&GUID=&SMAUTHREASON=0&METHOD=GET&SMAGENTNAME=-SM-U2oxHNw%2fhwkS9d8eFxBR4kd609FfW4%2b3jBM0jHQpPFSdBOnBEsclAUJfVaZnAfcL&TARGET=-SM-https%3a%2f%2fondemand%2eca%2ecom%2fweb%2fselect%2fdestination"): Navigate to 'https://ondemand.ca.com/web/portal/login?TYPE=33554433&REALMOID=06-000ef9db-0146-19ef-9589-0194ac184032&GUID=&SMAUTHREASON=0&METHOD=GET&SMAGENTNAME=-SM-U2oxHNw%2fhwkS9d8eFxBR4kd609FfW4%2b3jBM0jHQpPFSdBOnBEsclAUJfVaZnAfcL&TARGET=-SM-https%3a%2f%2fondemand%2eca%2ecom%2fweb%2fselect%2fdestination' successfully

2019-05-05 14:21:31 - [MESSAGE][PASSED] - Navigate to 'https://ondemand.ca.com/web/portal/login?TYPE=33554433&REALMOID=06-000ef9db-0146-19ef-9589-0194ac184032&GUID=&SMAUTHREASON=0&METHOD=GET&SMAGENTNAME=-SM-U2oxHNw%2fhwkS9d8eFxBR4kd609FfW4%2b3jBM0jHQpPFSdBOnBEsclAUJfVaZnAfcL&TARGET=-SM-https%3a%2f%2fondemand%2eca%2ecom%2fweb%2fselect%2fdestination' successfully

2019-05-05 14:21:31 - [TEST_STEP][PASSED] - setText(findTestObject("Object Repository/Login-TimeTimeEnter/Page_Sign In - cacom/input_Email Address__58_login"), varEmailAddress): Text 'Ralph.ResourceManager@disney.com' is set on object 'Object Repository/Login-TimeTimeEnter/Page_Sign In - cacom/input_Email Address__58_login'

2019-05-05 14:21:32 - [MESSAGE][PASSED] - Text 'Ralph.ResourceManager@disney.com' is set on object 'Object Repository/Login-TimeTimeEnter/Page_Sign In - cacom/input_Email Address__58_login'

2019-05-05 14:21:32 - [TEST_STEP][PASSED] - setText(findTestObject("Object Repository/Login-TimeTimeEnter/Page_Sign In - cacom/input_Password__58_password"), varPassword): Text 'clarity0419' is set on object 'Object Repository/Login-TimeTimeEnter/Page_Sign In - cacom/input_Password__58_password'

2019-05-05 14:21:33 - [MESSAGE][PASSED] - Text 'clarity0419' is set on object 'Object Repository/Login-TimeTimeEnter/Page_Sign In - cacom/input_Password__58_password'

2019-05-05 14:21:33 - [TEST_STEP][PASSED] - click(findTestObject("Object Repository/Login-TimeTimeEnter/Page_Sign In - cacom/input")): Object: 'Object Repository/Login-TimeTimeEnter/Page_Sign In - cacom/input' is clicked on

2019-05-05 14:21:35 - [MESSAGE][PASSED] - Object: 'Object Repository/Login-TimeTimeEnter/Page_Sign In - cacom/input' is clicked on

2019-05-05 14:21:35 - [TEST_STEP][PASSED] - click(findTestObject("Object Repository/Login-TimeTimeEnter/Page_My Places - cacom/a_WDPR Tomorrowland - Test")): Object: 'Object Repository/Login-TimeTimeEnter/Page_My Places - cacom/a_WDPR Tomorrowland - Test' is clicked on

2019-05-05 14:21:37 - [MESSAGE][PASSED] - Object: 'Object Repository/Login-TimeTimeEnter/Page_My Places - cacom/a_WDPR Tomorrowland - Test' is clicked on

2019-05-05 14:21:37 - [TEST_STEP][PASSED] - click(findTestObject("Object Repository/Login-TimeTimeEnter/Page_PPM - Last Refreshed on 4222019  Overview General/a_Logout")): Object: 'Object Repository/Login-TimeTimeEnter/Page_PPM - Last Refreshed on 4222019  Overview General/a_Logout' is clicked on

2019-05-05 14:21:42 - [MESSAGE][PASSED] - Object: 'Object Repository/Login-TimeTimeEnter/Page_PPM - Last Refreshed on 4222019  Overview General/a_Logout' is clicked on]]></system-out>
         <system-err><![CDATA[]]></system-err>
      </testcase>
      <testcase name="Test Cases/Login Validation Test Case with Excel" classname="Test Cases/Login Validation Test Case with Excel" status="PASSED">
         <system-out><![CDATA[2019-05-05 14:21:42 - [TEST_CASE][PASSED] - Test Cases/Login Validation Test Case with Excel: Test Cases/Login Validation Test Case with Excel

2019-05-05 14:21:42 - [TEST_STEP][PASSED] - openBrowser(""): Browser is opened with url: ''

2019-05-05 14:21:42 - [MESSAGE][WARNING] - A browser is already opened. Closing browser and opening a new one

2019-05-05 14:21:43 - [MESSAGE][INFO] - Starting 'Chrome' driver

2019-05-05 14:21:48 - [MESSAGE][PASSED] - Browser is opened with url: ''

2019-05-05 14:21:48 - [TEST_STEP][PASSED] - navigateToUrl("https://ondemand.ca.com/web/portal/login?TYPE=33554433&REALMOID=06-000ef9db-0146-19ef-9589-0194ac184032&GUID=&SMAUTHREASON=0&METHOD=GET&SMAGENTNAME=-SM-U2oxHNw%2fhwkS9d8eFxBR4kd609FfW4%2b3jBM0jHQpPFSdBOnBEsclAUJfVaZnAfcL&TARGET=-SM-https%3a%2f%2fondemand%2eca%2ecom%2fweb%2fselect%2fdestination"): Navigate to 'https://ondemand.ca.com/web/portal/login?TYPE=33554433&REALMOID=06-000ef9db-0146-19ef-9589-0194ac184032&GUID=&SMAUTHREASON=0&METHOD=GET&SMAGENTNAME=-SM-U2oxHNw%2fhwkS9d8eFxBR4kd609FfW4%2b3jBM0jHQpPFSdBOnBEsclAUJfVaZnAfcL&TARGET=-SM-https%3a%2f%2fondemand%2eca%2ecom%2fweb%2fselect%2fdestination' successfully

2019-05-05 14:21:51 - [MESSAGE][PASSED] - Navigate to 'https://ondemand.ca.com/web/portal/login?TYPE=33554433&REALMOID=06-000ef9db-0146-19ef-9589-0194ac184032&GUID=&SMAUTHREASON=0&METHOD=GET&SMAGENTNAME=-SM-U2oxHNw%2fhwkS9d8eFxBR4kd609FfW4%2b3jBM0jHQpPFSdBOnBEsclAUJfVaZnAfcL&TARGET=-SM-https%3a%2f%2fondemand%2eca%2ecom%2fweb%2fselect%2fdestination' successfully

2019-05-05 14:21:51 - [TEST_STEP][PASSED] - setText(findTestObject("Object Repository/Login-TimeTimeEnter/Page_Sign In - cacom/input_Email Address__58_login"), varEmailAddress): Text 'Phil.projectcreator@disney.com' is set on object 'Object Repository/Login-TimeTimeEnter/Page_Sign In - cacom/input_Email Address__58_login'

2019-05-05 14:21:52 - [MESSAGE][PASSED] - Text 'Phil.projectcreator@disney.com' is set on object 'Object Repository/Login-TimeTimeEnter/Page_Sign In - cacom/input_Email Address__58_login'

2019-05-05 14:21:52 - [TEST_STEP][PASSED] - setText(findTestObject("Object Repository/Login-TimeTimeEnter/Page_Sign In - cacom/input_Password__58_password"), varPassword): Text 'clarity0419' is set on object 'Object Repository/Login-TimeTimeEnter/Page_Sign In - cacom/input_Password__58_password'

2019-05-05 14:21:53 - [MESSAGE][PASSED] - Text 'clarity0419' is set on object 'Object Repository/Login-TimeTimeEnter/Page_Sign In - cacom/input_Password__58_password'

2019-05-05 14:21:53 - [TEST_STEP][PASSED] - click(findTestObject("Object Repository/Login-TimeTimeEnter/Page_Sign In - cacom/input")): Object: 'Object Repository/Login-TimeTimeEnter/Page_Sign In - cacom/input' is clicked on

2019-05-05 14:21:54 - [MESSAGE][PASSED] - Object: 'Object Repository/Login-TimeTimeEnter/Page_Sign In - cacom/input' is clicked on

2019-05-05 14:21:54 - [TEST_STEP][PASSED] - click(findTestObject("Object Repository/Login-TimeTimeEnter/Page_My Places - cacom/a_WDPR Tomorrowland - Test")): Object: 'Object Repository/Login-TimeTimeEnter/Page_My Places - cacom/a_WDPR Tomorrowland - Test' is clicked on

2019-05-05 14:21:57 - [MESSAGE][PASSED] - Object: 'Object Repository/Login-TimeTimeEnter/Page_My Places - cacom/a_WDPR Tomorrowland - Test' is clicked on

2019-05-05 14:21:57 - [TEST_STEP][PASSED] - click(findTestObject("Object Repository/Login-TimeTimeEnter/Page_PPM - Last Refreshed on 4222019  Overview General/a_Logout")): Object: 'Object Repository/Login-TimeTimeEnter/Page_PPM - Last Refreshed on 4222019  Overview General/a_Logout' is clicked on

2019-05-05 14:22:02 - [MESSAGE][PASSED] - Object: 'Object Repository/Login-TimeTimeEnter/Page_PPM - Last Refreshed on 4222019  Overview General/a_Logout' is clicked on]]></system-out>
         <system-err><![CDATA[]]></system-err>
      </testcase>
      <testcase name="Test Cases/Login Validation Test Case with Excel" classname="Test Cases/Login Validation Test Case with Excel" status="PASSED">
         <system-out><![CDATA[2019-05-05 14:22:02 - [TEST_CASE][PASSED] - Test Cases/Login Validation Test Case with Excel: Test Cases/Login Validation Test Case with Excel

2019-05-05 14:22:02 - [TEST_STEP][PASSED] - openBrowser(""): Browser is opened with url: ''

2019-05-05 14:22:02 - [MESSAGE][WARNING] - A browser is already opened. Closing browser and opening a new one

2019-05-05 14:22:03 - [MESSAGE][INFO] - Starting 'Chrome' driver

2019-05-05 14:22:06 - [MESSAGE][PASSED] - Browser is opened with url: ''

2019-05-05 14:22:06 - [TEST_STEP][PASSED] - navigateToUrl("https://ondemand.ca.com/web/portal/login?TYPE=33554433&REALMOID=06-000ef9db-0146-19ef-9589-0194ac184032&GUID=&SMAUTHREASON=0&METHOD=GET&SMAGENTNAME=-SM-U2oxHNw%2fhwkS9d8eFxBR4kd609FfW4%2b3jBM0jHQpPFSdBOnBEsclAUJfVaZnAfcL&TARGET=-SM-https%3a%2f%2fondemand%2eca%2ecom%2fweb%2fselect%2fdestination"): Navigate to 'https://ondemand.ca.com/web/portal/login?TYPE=33554433&REALMOID=06-000ef9db-0146-19ef-9589-0194ac184032&GUID=&SMAUTHREASON=0&METHOD=GET&SMAGENTNAME=-SM-U2oxHNw%2fhwkS9d8eFxBR4kd609FfW4%2b3jBM0jHQpPFSdBOnBEsclAUJfVaZnAfcL&TARGET=-SM-https%3a%2f%2fondemand%2eca%2ecom%2fweb%2fselect%2fdestination' successfully

2019-05-05 14:22:09 - [MESSAGE][PASSED] - Navigate to 'https://ondemand.ca.com/web/portal/login?TYPE=33554433&REALMOID=06-000ef9db-0146-19ef-9589-0194ac184032&GUID=&SMAUTHREASON=0&METHOD=GET&SMAGENTNAME=-SM-U2oxHNw%2fhwkS9d8eFxBR4kd609FfW4%2b3jBM0jHQpPFSdBOnBEsclAUJfVaZnAfcL&TARGET=-SM-https%3a%2f%2fondemand%2eca%2ecom%2fweb%2fselect%2fdestination' successfully

2019-05-05 14:22:09 - [TEST_STEP][PASSED] - setText(findTestObject("Object Repository/Login-TimeTimeEnter/Page_Sign In - cacom/input_Email Address__58_login"), varEmailAddress): Text 'financial.resourcemanager@disney.com' is set on object 'Object Repository/Login-TimeTimeEnter/Page_Sign In - cacom/input_Email Address__58_login'

2019-05-05 14:22:10 - [MESSAGE][PASSED] - Text 'financial.resourcemanager@disney.com' is set on object 'Object Repository/Login-TimeTimeEnter/Page_Sign In - cacom/input_Email Address__58_login'

2019-05-05 14:22:10 - [TEST_STEP][PASSED] - setText(findTestObject("Object Repository/Login-TimeTimeEnter/Page_Sign In - cacom/input_Password__58_password"), varPassword): Text 'clarity0419' is set on object 'Object Repository/Login-TimeTimeEnter/Page_Sign In - cacom/input_Password__58_password'

2019-05-05 14:22:10 - [MESSAGE][PASSED] - Text 'clarity0419' is set on object 'Object Repository/Login-TimeTimeEnter/Page_Sign In - cacom/input_Password__58_password'

2019-05-05 14:22:10 - [TEST_STEP][PASSED] - click(findTestObject("Object Repository/Login-TimeTimeEnter/Page_Sign In - cacom/input")): Object: 'Object Repository/Login-TimeTimeEnter/Page_Sign In - cacom/input' is clicked on

2019-05-05 14:22:12 - [MESSAGE][PASSED] - Object: 'Object Repository/Login-TimeTimeEnter/Page_Sign In - cacom/input' is clicked on

2019-05-05 14:22:12 - [TEST_STEP][PASSED] - click(findTestObject("Object Repository/Login-TimeTimeEnter/Page_My Places - cacom/a_WDPR Tomorrowland - Test")): Object: 'Object Repository/Login-TimeTimeEnter/Page_My Places - cacom/a_WDPR Tomorrowland - Test' is clicked on

2019-05-05 14:22:14 - [MESSAGE][PASSED] - Object: 'Object Repository/Login-TimeTimeEnter/Page_My Places - cacom/a_WDPR Tomorrowland - Test' is clicked on

2019-05-05 14:22:14 - [TEST_STEP][PASSED] - click(findTestObject("Object Repository/Login-TimeTimeEnter/Page_PPM - Last Refreshed on 4222019  Overview General/a_Logout")): Object: 'Object Repository/Login-TimeTimeEnter/Page_PPM - Last Refreshed on 4222019  Overview General/a_Logout' is clicked on

2019-05-05 14:22:19 - [MESSAGE][PASSED] - Object: 'Object Repository/Login-TimeTimeEnter/Page_PPM - Last Refreshed on 4222019  Overview General/a_Logout' is clicked on]]></system-out>
         <system-err><![CDATA[]]></system-err>
      </testcase>
      <testcase name="Test Cases/Login Validation Test Case with Excel" classname="Test Cases/Login Validation Test Case with Excel" status="PASSED">
         <system-out><![CDATA[2019-05-05 14:22:19 - [TEST_CASE][PASSED] - Test Cases/Login Validation Test Case with Excel: Test Cases/Login Validation Test Case with Excel

2019-05-05 14:22:19 - [TEST_STEP][PASSED] - openBrowser(""): Browser is opened with url: ''

2019-05-05 14:22:19 - [MESSAGE][WARNING] - A browser is already opened. Closing browser and opening a new one

2019-05-05 14:22:20 - [MESSAGE][INFO] - Starting 'Chrome' driver

2019-05-05 14:22:23 - [MESSAGE][PASSED] - Browser is opened with url: ''

2019-05-05 14:22:23 - [TEST_STEP][PASSED] - navigateToUrl("https://ondemand.ca.com/web/portal/login?TYPE=33554433&REALMOID=06-000ef9db-0146-19ef-9589-0194ac184032&GUID=&SMAUTHREASON=0&METHOD=GET&SMAGENTNAME=-SM-U2oxHNw%2fhwkS9d8eFxBR4kd609FfW4%2b3jBM0jHQpPFSdBOnBEsclAUJfVaZnAfcL&TARGET=-SM-https%3a%2f%2fondemand%2eca%2ecom%2fweb%2fselect%2fdestination"): Navigate to 'https://ondemand.ca.com/web/portal/login?TYPE=33554433&REALMOID=06-000ef9db-0146-19ef-9589-0194ac184032&GUID=&SMAUTHREASON=0&METHOD=GET&SMAGENTNAME=-SM-U2oxHNw%2fhwkS9d8eFxBR4kd609FfW4%2b3jBM0jHQpPFSdBOnBEsclAUJfVaZnAfcL&TARGET=-SM-https%3a%2f%2fondemand%2eca%2ecom%2fweb%2fselect%2fdestination' successfully

2019-05-05 14:22:26 - [MESSAGE][PASSED] - Navigate to 'https://ondemand.ca.com/web/portal/login?TYPE=33554433&REALMOID=06-000ef9db-0146-19ef-9589-0194ac184032&GUID=&SMAUTHREASON=0&METHOD=GET&SMAGENTNAME=-SM-U2oxHNw%2fhwkS9d8eFxBR4kd609FfW4%2b3jBM0jHQpPFSdBOnBEsclAUJfVaZnAfcL&TARGET=-SM-https%3a%2f%2fondemand%2eca%2ecom%2fweb%2fselect%2fdestination' successfully

2019-05-05 14:22:26 - [TEST_STEP][PASSED] - setText(findTestObject("Object Repository/Login-TimeTimeEnter/Page_Sign In - cacom/input_Email Address__58_login"), varEmailAddress): Text 'vmo@disney.com' is set on object 'Object Repository/Login-TimeTimeEnter/Page_Sign In - cacom/input_Email Address__58_login'

2019-05-05 14:22:27 - [MESSAGE][PASSED] - Text 'vmo@disney.com' is set on object 'Object Repository/Login-TimeTimeEnter/Page_Sign In - cacom/input_Email Address__58_login'

2019-05-05 14:22:27 - [TEST_STEP][PASSED] - setText(findTestObject("Object Repository/Login-TimeTimeEnter/Page_Sign In - cacom/input_Password__58_password"), varPassword): Text 'clarity0419' is set on object 'Object Repository/Login-TimeTimeEnter/Page_Sign In - cacom/input_Password__58_password'

2019-05-05 14:22:27 - [MESSAGE][PASSED] - Text 'clarity0419' is set on object 'Object Repository/Login-TimeTimeEnter/Page_Sign In - cacom/input_Password__58_password'

2019-05-05 14:22:27 - [TEST_STEP][PASSED] - click(findTestObject("Object Repository/Login-TimeTimeEnter/Page_Sign In - cacom/input")): Object: 'Object Repository/Login-TimeTimeEnter/Page_Sign In - cacom/input' is clicked on

2019-05-05 14:22:28 - [MESSAGE][PASSED] - Object: 'Object Repository/Login-TimeTimeEnter/Page_Sign In - cacom/input' is clicked on

2019-05-05 14:22:28 - [TEST_STEP][PASSED] - click(findTestObject("Object Repository/Login-TimeTimeEnter/Page_My Places - cacom/a_WDPR Tomorrowland - Test")): Object: 'Object Repository/Login-TimeTimeEnter/Page_My Places - cacom/a_WDPR Tomorrowland - Test' is clicked on

2019-05-05 14:22:31 - [MESSAGE][PASSED] - Object: 'Object Repository/Login-TimeTimeEnter/Page_My Places - cacom/a_WDPR Tomorrowland - Test' is clicked on

2019-05-05 14:22:31 - [TEST_STEP][PASSED] - click(findTestObject("Object Repository/Login-TimeTimeEnter/Page_PPM - Last Refreshed on 4222019  Overview General/a_Logout")): Object: 'Object Repository/Login-TimeTimeEnter/Page_PPM - Last Refreshed on 4222019  Overview General/a_Logout' is clicked on

2019-05-05 14:22:36 - [MESSAGE][PASSED] - Object: 'Object Repository/Login-TimeTimeEnter/Page_PPM - Last Refreshed on 4222019  Overview General/a_Logout' is clicked on]]></system-out>
         <system-err><![CDATA[]]></system-err>
      </testcase>
      <testcase name="Test Cases/Login Validation Test Case with Excel" classname="Test Cases/Login Validation Test Case with Excel" status="PASSED">
         <system-out><![CDATA[2019-05-05 14:22:36 - [TEST_CASE][PASSED] - Test Cases/Login Validation Test Case with Excel: Test Cases/Login Validation Test Case with Excel

2019-05-05 14:22:36 - [TEST_STEP][PASSED] - openBrowser(""): Browser is opened with url: ''

2019-05-05 14:22:36 - [MESSAGE][WARNING] - A browser is already opened. Closing browser and opening a new one

2019-05-05 14:22:38 - [MESSAGE][INFO] - Starting 'Chrome' driver

2019-05-05 14:22:41 - [MESSAGE][PASSED] - Browser is opened with url: ''

2019-05-05 14:22:41 - [TEST_STEP][PASSED] - navigateToUrl("https://ondemand.ca.com/web/portal/login?TYPE=33554433&REALMOID=06-000ef9db-0146-19ef-9589-0194ac184032&GUID=&SMAUTHREASON=0&METHOD=GET&SMAGENTNAME=-SM-U2oxHNw%2fhwkS9d8eFxBR4kd609FfW4%2b3jBM0jHQpPFSdBOnBEsclAUJfVaZnAfcL&TARGET=-SM-https%3a%2f%2fondemand%2eca%2ecom%2fweb%2fselect%2fdestination"): Navigate to 'https://ondemand.ca.com/web/portal/login?TYPE=33554433&REALMOID=06-000ef9db-0146-19ef-9589-0194ac184032&GUID=&SMAUTHREASON=0&METHOD=GET&SMAGENTNAME=-SM-U2oxHNw%2fhwkS9d8eFxBR4kd609FfW4%2b3jBM0jHQpPFSdBOnBEsclAUJfVaZnAfcL&TARGET=-SM-https%3a%2f%2fondemand%2eca%2ecom%2fweb%2fselect%2fdestination' successfully

2019-05-05 14:22:43 - [MESSAGE][PASSED] - Navigate to 'https://ondemand.ca.com/web/portal/login?TYPE=33554433&REALMOID=06-000ef9db-0146-19ef-9589-0194ac184032&GUID=&SMAUTHREASON=0&METHOD=GET&SMAGENTNAME=-SM-U2oxHNw%2fhwkS9d8eFxBR4kd609FfW4%2b3jBM0jHQpPFSdBOnBEsclAUJfVaZnAfcL&TARGET=-SM-https%3a%2f%2fondemand%2eca%2ecom%2fweb%2fselect%2fdestination' successfully

2019-05-05 14:22:43 - [TEST_STEP][PASSED] - setText(findTestObject("Object Repository/Login-TimeTimeEnter/Page_Sign In - cacom/input_Email Address__58_login"), varEmailAddress): Text 'digital.finance@disney.com' is set on object 'Object Repository/Login-TimeTimeEnter/Page_Sign In - cacom/input_Email Address__58_login'

2019-05-05 14:22:44 - [MESSAGE][PASSED] - Text 'digital.finance@disney.com' is set on object 'Object Repository/Login-TimeTimeEnter/Page_Sign In - cacom/input_Email Address__58_login'

2019-05-05 14:22:44 - [TEST_STEP][PASSED] - setText(findTestObject("Object Repository/Login-TimeTimeEnter/Page_Sign In - cacom/input_Password__58_password"), varPassword): Text 'clarity0419' is set on object 'Object Repository/Login-TimeTimeEnter/Page_Sign In - cacom/input_Password__58_password'

2019-05-05 14:22:44 - [MESSAGE][PASSED] - Text 'clarity0419' is set on object 'Object Repository/Login-TimeTimeEnter/Page_Sign In - cacom/input_Password__58_password'

2019-05-05 14:22:44 - [TEST_STEP][PASSED] - click(findTestObject("Object Repository/Login-TimeTimeEnter/Page_Sign In - cacom/input")): Object: 'Object Repository/Login-TimeTimeEnter/Page_Sign In - cacom/input' is clicked on

2019-05-05 14:22:46 - [MESSAGE][PASSED] - Object: 'Object Repository/Login-TimeTimeEnter/Page_Sign In - cacom/input' is clicked on

2019-05-05 14:22:46 - [TEST_STEP][PASSED] - click(findTestObject("Object Repository/Login-TimeTimeEnter/Page_My Places - cacom/a_WDPR Tomorrowland - Test")): Object: 'Object Repository/Login-TimeTimeEnter/Page_My Places - cacom/a_WDPR Tomorrowland - Test' is clicked on

2019-05-05 14:22:48 - [MESSAGE][PASSED] - Object: 'Object Repository/Login-TimeTimeEnter/Page_My Places - cacom/a_WDPR Tomorrowland - Test' is clicked on

2019-05-05 14:22:48 - [TEST_STEP][PASSED] - click(findTestObject("Object Repository/Login-TimeTimeEnter/Page_PPM - Last Refreshed on 4222019  Overview General/a_Logout")): Object: 'Object Repository/Login-TimeTimeEnter/Page_PPM - Last Refreshed on 4222019  Overview General/a_Logout' is clicked on

2019-05-05 14:22:52 - [MESSAGE][PASSED] - Object: 'Object Repository/Login-TimeTimeEnter/Page_PPM - Last Refreshed on 4222019  Overview General/a_Logout' is clicked on]]></system-out>
         <system-err><![CDATA[]]></system-err>
      </testcase>
      <testcase name="Test Cases/Login Validation Test Case with Excel" classname="Test Cases/Login Validation Test Case with Excel" status="PASSED">
         <system-out><![CDATA[2019-05-05 14:22:52 - [TEST_CASE][PASSED] - Test Cases/Login Validation Test Case with Excel: Test Cases/Login Validation Test Case with Excel

2019-05-05 14:22:52 - [TEST_STEP][PASSED] - openBrowser(""): Browser is opened with url: ''

2019-05-05 14:22:52 - [MESSAGE][WARNING] - A browser is already opened. Closing browser and opening a new one

2019-05-05 14:22:53 - [MESSAGE][INFO] - Starting 'Chrome' driver

2019-05-05 14:22:57 - [MESSAGE][PASSED] - Browser is opened with url: ''

2019-05-05 14:22:57 - [TEST_STEP][PASSED] - navigateToUrl("https://ondemand.ca.com/web/portal/login?TYPE=33554433&REALMOID=06-000ef9db-0146-19ef-9589-0194ac184032&GUID=&SMAUTHREASON=0&METHOD=GET&SMAGENTNAME=-SM-U2oxHNw%2fhwkS9d8eFxBR4kd609FfW4%2b3jBM0jHQpPFSdBOnBEsclAUJfVaZnAfcL&TARGET=-SM-https%3a%2f%2fondemand%2eca%2ecom%2fweb%2fselect%2fdestination"): Navigate to 'https://ondemand.ca.com/web/portal/login?TYPE=33554433&REALMOID=06-000ef9db-0146-19ef-9589-0194ac184032&GUID=&SMAUTHREASON=0&METHOD=GET&SMAGENTNAME=-SM-U2oxHNw%2fhwkS9d8eFxBR4kd609FfW4%2b3jBM0jHQpPFSdBOnBEsclAUJfVaZnAfcL&TARGET=-SM-https%3a%2f%2fondemand%2eca%2ecom%2fweb%2fselect%2fdestination' successfully

2019-05-05 14:23:00 - [MESSAGE][PASSED] - Navigate to 'https://ondemand.ca.com/web/portal/login?TYPE=33554433&REALMOID=06-000ef9db-0146-19ef-9589-0194ac184032&GUID=&SMAUTHREASON=0&METHOD=GET&SMAGENTNAME=-SM-U2oxHNw%2fhwkS9d8eFxBR4kd609FfW4%2b3jBM0jHQpPFSdBOnBEsclAUJfVaZnAfcL&TARGET=-SM-https%3a%2f%2fondemand%2eca%2ecom%2fweb%2fselect%2fdestination' successfully

2019-05-05 14:23:00 - [TEST_STEP][PASSED] - setText(findTestObject("Object Repository/Login-TimeTimeEnter/Page_Sign In - cacom/input_Email Address__58_login"), varEmailAddress): Text 'department.admin@disney.com' is set on object 'Object Repository/Login-TimeTimeEnter/Page_Sign In - cacom/input_Email Address__58_login'

2019-05-05 14:23:00 - [MESSAGE][PASSED] - Text 'department.admin@disney.com' is set on object 'Object Repository/Login-TimeTimeEnter/Page_Sign In - cacom/input_Email Address__58_login'

2019-05-05 14:23:00 - [TEST_STEP][PASSED] - setText(findTestObject("Object Repository/Login-TimeTimeEnter/Page_Sign In - cacom/input_Password__58_password"), varPassword): Text 'clarity0419' is set on object 'Object Repository/Login-TimeTimeEnter/Page_Sign In - cacom/input_Password__58_password'

2019-05-05 14:23:01 - [MESSAGE][PASSED] - Text 'clarity0419' is set on object 'Object Repository/Login-TimeTimeEnter/Page_Sign In - cacom/input_Password__58_password'

2019-05-05 14:23:01 - [TEST_STEP][PASSED] - click(findTestObject("Object Repository/Login-TimeTimeEnter/Page_Sign In - cacom/input")): Object: 'Object Repository/Login-TimeTimeEnter/Page_Sign In - cacom/input' is clicked on

2019-05-05 14:23:02 - [MESSAGE][PASSED] - Object: 'Object Repository/Login-TimeTimeEnter/Page_Sign In - cacom/input' is clicked on

2019-05-05 14:23:02 - [TEST_STEP][PASSED] - click(findTestObject("Object Repository/Login-TimeTimeEnter/Page_My Places - cacom/a_WDPR Tomorrowland - Test")): Object: 'Object Repository/Login-TimeTimeEnter/Page_My Places - cacom/a_WDPR Tomorrowland - Test' is clicked on

2019-05-05 14:23:05 - [MESSAGE][PASSED] - Object: 'Object Repository/Login-TimeTimeEnter/Page_My Places - cacom/a_WDPR Tomorrowland - Test' is clicked on

2019-05-05 14:23:05 - [TEST_STEP][PASSED] - click(findTestObject("Object Repository/Login-TimeTimeEnter/Page_PPM - Last Refreshed on 4222019  Overview General/a_Logout")): Object: 'Object Repository/Login-TimeTimeEnter/Page_PPM - Last Refreshed on 4222019  Overview General/a_Logout' is clicked on

2019-05-05 14:23:09 - [MESSAGE][PASSED] - Object: 'Object Repository/Login-TimeTimeEnter/Page_PPM - Last Refreshed on 4222019  Overview General/a_Logout' is clicked on]]></system-out>
         <system-err><![CDATA[]]></system-err>
      </testcase>
      <testcase name="Test Cases/Login Validation Test Case with Excel" classname="Test Cases/Login Validation Test Case with Excel" status="PASSED">
         <system-out><![CDATA[2019-05-05 14:23:09 - [TEST_CASE][PASSED] - Test Cases/Login Validation Test Case with Excel: Test Cases/Login Validation Test Case with Excel

2019-05-05 14:23:09 - [TEST_STEP][PASSED] - openBrowser(""): Browser is opened with url: ''

2019-05-05 14:23:09 - [MESSAGE][WARNING] - A browser is already opened. Closing browser and opening a new one

2019-05-05 14:23:10 - [MESSAGE][INFO] - Starting 'Chrome' driver

2019-05-05 14:23:13 - [MESSAGE][PASSED] - Browser is opened with url: ''

2019-05-05 14:23:13 - [TEST_STEP][PASSED] - navigateToUrl("https://ondemand.ca.com/web/portal/login?TYPE=33554433&REALMOID=06-000ef9db-0146-19ef-9589-0194ac184032&GUID=&SMAUTHREASON=0&METHOD=GET&SMAGENTNAME=-SM-U2oxHNw%2fhwkS9d8eFxBR4kd609FfW4%2b3jBM0jHQpPFSdBOnBEsclAUJfVaZnAfcL&TARGET=-SM-https%3a%2f%2fondemand%2eca%2ecom%2fweb%2fselect%2fdestination"): Navigate to 'https://ondemand.ca.com/web/portal/login?TYPE=33554433&REALMOID=06-000ef9db-0146-19ef-9589-0194ac184032&GUID=&SMAUTHREASON=0&METHOD=GET&SMAGENTNAME=-SM-U2oxHNw%2fhwkS9d8eFxBR4kd609FfW4%2b3jBM0jHQpPFSdBOnBEsclAUJfVaZnAfcL&TARGET=-SM-https%3a%2f%2fondemand%2eca%2ecom%2fweb%2fselect%2fdestination' successfully

2019-05-05 14:23:16 - [MESSAGE][PASSED] - Navigate to 'https://ondemand.ca.com/web/portal/login?TYPE=33554433&REALMOID=06-000ef9db-0146-19ef-9589-0194ac184032&GUID=&SMAUTHREASON=0&METHOD=GET&SMAGENTNAME=-SM-U2oxHNw%2fhwkS9d8eFxBR4kd609FfW4%2b3jBM0jHQpPFSdBOnBEsclAUJfVaZnAfcL&TARGET=-SM-https%3a%2f%2fondemand%2eca%2ecom%2fweb%2fselect%2fdestination' successfully

2019-05-05 14:23:16 - [TEST_STEP][PASSED] - setText(findTestObject("Object Repository/Login-TimeTimeEnter/Page_Sign In - cacom/input_Email Address__58_login"), varEmailAddress): Text 'digital.rm@disney.com' is set on object 'Object Repository/Login-TimeTimeEnter/Page_Sign In - cacom/input_Email Address__58_login'

2019-05-05 14:23:17 - [MESSAGE][PASSED] - Text 'digital.rm@disney.com' is set on object 'Object Repository/Login-TimeTimeEnter/Page_Sign In - cacom/input_Email Address__58_login'

2019-05-05 14:23:17 - [TEST_STEP][PASSED] - setText(findTestObject("Object Repository/Login-TimeTimeEnter/Page_Sign In - cacom/input_Password__58_password"), varPassword): Text 'clarity0419' is set on object 'Object Repository/Login-TimeTimeEnter/Page_Sign In - cacom/input_Password__58_password'

2019-05-05 14:23:17 - [MESSAGE][PASSED] - Text 'clarity0419' is set on object 'Object Repository/Login-TimeTimeEnter/Page_Sign In - cacom/input_Password__58_password'

2019-05-05 14:23:17 - [TEST_STEP][PASSED] - click(findTestObject("Object Repository/Login-TimeTimeEnter/Page_Sign In - cacom/input")): Object: 'Object Repository/Login-TimeTimeEnter/Page_Sign In - cacom/input' is clicked on

2019-05-05 14:23:19 - [MESSAGE][PASSED] - Object: 'Object Repository/Login-TimeTimeEnter/Page_Sign In - cacom/input' is clicked on

2019-05-05 14:23:19 - [TEST_STEP][PASSED] - click(findTestObject("Object Repository/Login-TimeTimeEnter/Page_My Places - cacom/a_WDPR Tomorrowland - Test")): Object: 'Object Repository/Login-TimeTimeEnter/Page_My Places - cacom/a_WDPR Tomorrowland - Test' is clicked on

2019-05-05 14:23:22 - [MESSAGE][PASSED] - Object: 'Object Repository/Login-TimeTimeEnter/Page_My Places - cacom/a_WDPR Tomorrowland - Test' is clicked on

2019-05-05 14:23:22 - [TEST_STEP][PASSED] - click(findTestObject("Object Repository/Login-TimeTimeEnter/Page_PPM - Last Refreshed on 4222019  Overview General/a_Logout")): Object: 'Object Repository/Login-TimeTimeEnter/Page_PPM - Last Refreshed on 4222019  Overview General/a_Logout' is clicked on

2019-05-05 14:23:26 - [MESSAGE][PASSED] - Object: 'Object Repository/Login-TimeTimeEnter/Page_PPM - Last Refreshed on 4222019  Overview General/a_Logout' is clicked on]]></system-out>
         <system-err><![CDATA[]]></system-err>
      </testcase>
      <testcase name="Test Cases/Login Validation Test Case with Excel" classname="Test Cases/Login Validation Test Case with Excel" status="PASSED">
         <system-out><![CDATA[2019-05-05 14:23:26 - [TEST_CASE][PASSED] - Test Cases/Login Validation Test Case with Excel: Test Cases/Login Validation Test Case with Excel

2019-05-05 14:23:26 - [TEST_STEP][PASSED] - openBrowser(""): Browser is opened with url: ''

2019-05-05 14:23:26 - [MESSAGE][WARNING] - A browser is already opened. Closing browser and opening a new one

2019-05-05 14:23:27 - [MESSAGE][INFO] - Starting 'Chrome' driver

2019-05-05 14:23:30 - [MESSAGE][PASSED] - Browser is opened with url: ''

2019-05-05 14:23:30 - [TEST_STEP][PASSED] - navigateToUrl("https://ondemand.ca.com/web/portal/login?TYPE=33554433&REALMOID=06-000ef9db-0146-19ef-9589-0194ac184032&GUID=&SMAUTHREASON=0&METHOD=GET&SMAGENTNAME=-SM-U2oxHNw%2fhwkS9d8eFxBR4kd609FfW4%2b3jBM0jHQpPFSdBOnBEsclAUJfVaZnAfcL&TARGET=-SM-https%3a%2f%2fondemand%2eca%2ecom%2fweb%2fselect%2fdestination"): Navigate to 'https://ondemand.ca.com/web/portal/login?TYPE=33554433&REALMOID=06-000ef9db-0146-19ef-9589-0194ac184032&GUID=&SMAUTHREASON=0&METHOD=GET&SMAGENTNAME=-SM-U2oxHNw%2fhwkS9d8eFxBR4kd609FfW4%2b3jBM0jHQpPFSdBOnBEsclAUJfVaZnAfcL&TARGET=-SM-https%3a%2f%2fondemand%2eca%2ecom%2fweb%2fselect%2fdestination' successfully

2019-05-05 14:23:33 - [MESSAGE][PASSED] - Navigate to 'https://ondemand.ca.com/web/portal/login?TYPE=33554433&REALMOID=06-000ef9db-0146-19ef-9589-0194ac184032&GUID=&SMAUTHREASON=0&METHOD=GET&SMAGENTNAME=-SM-U2oxHNw%2fhwkS9d8eFxBR4kd609FfW4%2b3jBM0jHQpPFSdBOnBEsclAUJfVaZnAfcL&TARGET=-SM-https%3a%2f%2fondemand%2eca%2ecom%2fweb%2fselect%2fdestination' successfully

2019-05-05 14:23:33 - [TEST_STEP][PASSED] - setText(findTestObject("Object Repository/Login-TimeTimeEnter/Page_Sign In - cacom/input_Email Address__58_login"), varEmailAddress): Text 'digital.pm@disney.com' is set on object 'Object Repository/Login-TimeTimeEnter/Page_Sign In - cacom/input_Email Address__58_login'

2019-05-05 14:23:34 - [MESSAGE][PASSED] - Text 'digital.pm@disney.com' is set on object 'Object Repository/Login-TimeTimeEnter/Page_Sign In - cacom/input_Email Address__58_login'

2019-05-05 14:23:34 - [TEST_STEP][PASSED] - setText(findTestObject("Object Repository/Login-TimeTimeEnter/Page_Sign In - cacom/input_Password__58_password"), varPassword): Text 'clarity0419' is set on object 'Object Repository/Login-TimeTimeEnter/Page_Sign In - cacom/input_Password__58_password'

2019-05-05 14:23:34 - [MESSAGE][PASSED] - Text 'clarity0419' is set on object 'Object Repository/Login-TimeTimeEnter/Page_Sign In - cacom/input_Password__58_password'

2019-05-05 14:23:34 - [TEST_STEP][PASSED] - click(findTestObject("Object Repository/Login-TimeTimeEnter/Page_Sign In - cacom/input")): Object: 'Object Repository/Login-TimeTimeEnter/Page_Sign In - cacom/input' is clicked on

2019-05-05 14:23:37 - [MESSAGE][PASSED] - Object: 'Object Repository/Login-TimeTimeEnter/Page_Sign In - cacom/input' is clicked on

2019-05-05 14:23:37 - [TEST_STEP][PASSED] - click(findTestObject("Object Repository/Login-TimeTimeEnter/Page_My Places - cacom/a_WDPR Tomorrowland - Test")): Object: 'Object Repository/Login-TimeTimeEnter/Page_My Places - cacom/a_WDPR Tomorrowland - Test' is clicked on

2019-05-05 14:23:39 - [MESSAGE][PASSED] - Object: 'Object Repository/Login-TimeTimeEnter/Page_My Places - cacom/a_WDPR Tomorrowland - Test' is clicked on

2019-05-05 14:23:39 - [TEST_STEP][PASSED] - click(findTestObject("Object Repository/Login-TimeTimeEnter/Page_PPM - Last Refreshed on 4222019  Overview General/a_Logout")): Object: 'Object Repository/Login-TimeTimeEnter/Page_PPM - Last Refreshed on 4222019  Overview General/a_Logout' is clicked on

2019-05-05 14:23:44 - [MESSAGE][PASSED] - Object: 'Object Repository/Login-TimeTimeEnter/Page_PPM - Last Refreshed on 4222019  Overview General/a_Logout' is clicked on]]></system-out>
         <system-err><![CDATA[]]></system-err>
      </testcase>
      <testcase name="Test Cases/Login Validation Test Case with Excel" classname="Test Cases/Login Validation Test Case with Excel" status="PASSED">
         <system-out><![CDATA[2019-05-05 14:23:44 - [TEST_CASE][PASSED] - Test Cases/Login Validation Test Case with Excel: Test Cases/Login Validation Test Case with Excel

2019-05-05 14:23:44 - [TEST_STEP][PASSED] - openBrowser(""): Browser is opened with url: ''

2019-05-05 14:23:44 - [MESSAGE][WARNING] - A browser is already opened. Closing browser and opening a new one

2019-05-05 14:23:45 - [MESSAGE][INFO] - Starting 'Chrome' driver

2019-05-05 14:23:48 - [MESSAGE][PASSED] - Browser is opened with url: ''

2019-05-05 14:23:48 - [TEST_STEP][PASSED] - navigateToUrl("https://ondemand.ca.com/web/portal/login?TYPE=33554433&REALMOID=06-000ef9db-0146-19ef-9589-0194ac184032&GUID=&SMAUTHREASON=0&METHOD=GET&SMAGENTNAME=-SM-U2oxHNw%2fhwkS9d8eFxBR4kd609FfW4%2b3jBM0jHQpPFSdBOnBEsclAUJfVaZnAfcL&TARGET=-SM-https%3a%2f%2fondemand%2eca%2ecom%2fweb%2fselect%2fdestination"): Navigate to 'https://ondemand.ca.com/web/portal/login?TYPE=33554433&REALMOID=06-000ef9db-0146-19ef-9589-0194ac184032&GUID=&SMAUTHREASON=0&METHOD=GET&SMAGENTNAME=-SM-U2oxHNw%2fhwkS9d8eFxBR4kd609FfW4%2b3jBM0jHQpPFSdBOnBEsclAUJfVaZnAfcL&TARGET=-SM-https%3a%2f%2fondemand%2eca%2ecom%2fweb%2fselect%2fdestination' successfully

2019-05-05 14:23:51 - [MESSAGE][PASSED] - Navigate to 'https://ondemand.ca.com/web/portal/login?TYPE=33554433&REALMOID=06-000ef9db-0146-19ef-9589-0194ac184032&GUID=&SMAUTHREASON=0&METHOD=GET&SMAGENTNAME=-SM-U2oxHNw%2fhwkS9d8eFxBR4kd609FfW4%2b3jBM0jHQpPFSdBOnBEsclAUJfVaZnAfcL&TARGET=-SM-https%3a%2f%2fondemand%2eca%2ecom%2fweb%2fselect%2fdestination' successfully

2019-05-05 14:23:51 - [TEST_STEP][PASSED] - setText(findTestObject("Object Repository/Login-TimeTimeEnter/Page_Sign In - cacom/input_Email Address__58_login"), varEmailAddress): Text 'reporting.only@disney.com' is set on object 'Object Repository/Login-TimeTimeEnter/Page_Sign In - cacom/input_Email Address__58_login'

2019-05-05 14:23:52 - [MESSAGE][PASSED] - Text 'reporting.only@disney.com' is set on object 'Object Repository/Login-TimeTimeEnter/Page_Sign In - cacom/input_Email Address__58_login'

2019-05-05 14:23:52 - [TEST_STEP][PASSED] - setText(findTestObject("Object Repository/Login-TimeTimeEnter/Page_Sign In - cacom/input_Password__58_password"), varPassword): Text 'clarity0419' is set on object 'Object Repository/Login-TimeTimeEnter/Page_Sign In - cacom/input_Password__58_password'

2019-05-05 14:23:52 - [MESSAGE][PASSED] - Text 'clarity0419' is set on object 'Object Repository/Login-TimeTimeEnter/Page_Sign In - cacom/input_Password__58_password'

2019-05-05 14:23:52 - [TEST_STEP][PASSED] - click(findTestObject("Object Repository/Login-TimeTimeEnter/Page_Sign In - cacom/input")): Object: 'Object Repository/Login-TimeTimeEnter/Page_Sign In - cacom/input' is clicked on

2019-05-05 14:23:53 - [MESSAGE][PASSED] - Object: 'Object Repository/Login-TimeTimeEnter/Page_Sign In - cacom/input' is clicked on

2019-05-05 14:23:53 - [TEST_STEP][PASSED] - click(findTestObject("Object Repository/Login-TimeTimeEnter/Page_My Places - cacom/a_WDPR Tomorrowland - Test")): Object: 'Object Repository/Login-TimeTimeEnter/Page_My Places - cacom/a_WDPR Tomorrowland - Test' is clicked on

2019-05-05 14:23:56 - [MESSAGE][PASSED] - Object: 'Object Repository/Login-TimeTimeEnter/Page_My Places - cacom/a_WDPR Tomorrowland - Test' is clicked on

2019-05-05 14:23:56 - [TEST_STEP][PASSED] - click(findTestObject("Object Repository/Login-TimeTimeEnter/Page_PPM - Last Refreshed on 4222019  Overview General/a_Logout")): Object: 'Object Repository/Login-TimeTimeEnter/Page_PPM - Last Refreshed on 4222019  Overview General/a_Logout' is clicked on

2019-05-05 14:24:01 - [MESSAGE][PASSED] - Object: 'Object Repository/Login-TimeTimeEnter/Page_PPM - Last Refreshed on 4222019  Overview General/a_Logout' is clicked on]]></system-out>
         <system-err><![CDATA[]]></system-err>
      </testcase>
      <testcase name="Test Cases/Login Validation Test Case with Excel" classname="Test Cases/Login Validation Test Case with Excel" status="FAILED">
         <failure type="FAILED" message="Test Cases/Login Validation Test Case with Excel FAILED.
Reason:
com.kms.katalon.core.exception.StepFailedException: Unable to click on object 'Object Repository/Login-TimeTimeEnter/Page_My Places - cacom/a_WDPR Tomorrowland - Test'
	at com.kms.katalon.core.webui.keyword.internal.WebUIKeywordMain.stepFailed(WebUIKeywordMain.groovy:64)
	at com.kms.katalon.core.webui.keyword.internal.WebUIKeywordMain.runKeyword(WebUIKeywordMain.groovy:26)
	at com.kms.katalon.core.webui.keyword.builtin.ClickKeyword.click(ClickKeyword.groovy:86)
	at com.kms.katalon.core.webui.keyword.builtin.ClickKeyword.execute(ClickKeyword.groovy:67)
	at com.kms.katalon.core.keyword.internal.KeywordExecutor.executeKeywordForPlatform(KeywordExecutor.groovy:56)
	at com.kms.katalon.core.webui.keyword.WebUiBuiltInKeywords.click(WebUiBuiltInKeywords.groovy:616)
	at com.kms.katalon.core.webui.keyword.WebUiBuiltInKeywords$click$2.call(Unknown Source)
	at Login Validation Test Case with Excel.run(Login Validation Test Case with Excel:28)
	at com.kms.katalon.core.main.ScriptEngine.run(ScriptEngine.java:194)
	at com.kms.katalon.core.main.ScriptEngine.runScriptAsRawText(ScriptEngine.java:119)
	at com.kms.katalon.core.main.TestCaseExecutor.runScript(TestCaseExecutor.java:336)
	at com.kms.katalon.core.main.TestCaseExecutor.doExecute(TestCaseExecutor.java:327)
	at com.kms.katalon.core.main.TestCaseExecutor.processExecutionPhase(TestCaseExecutor.java:306)
	at com.kms.katalon.core.main.TestCaseExecutor.accessMainPhase(TestCaseExecutor.java:298)
	at com.kms.katalon.core.main.TestCaseExecutor.execute(TestCaseExecutor.java:232)
	at com.kms.katalon.core.main.TestSuiteExecutor.accessTestCaseMainPhase(TestSuiteExecutor.java:129)
	at com.kms.katalon.core.main.TestSuiteExecutor.accessTestSuiteMainPhase(TestSuiteExecutor.java:112)
	at com.kms.katalon.core.main.TestSuiteExecutor.execute(TestSuiteExecutor.java:81)
	at com.kms.katalon.core.main.TestCaseMain.startTestSuite(TestCaseMain.java:157)
	at com.kms.katalon.core.main.TestCaseMain$startTestSuite$0.call(Unknown Source)
	at TempTestSuite1557080425257.run(TempTestSuite1557080425257.groovy:35)
Caused by: com.kms.katalon.core.webui.exception.WebElementNotFoundException: Web element with id: 'Object Repository/Login-TimeTimeEnter/Page_My Places - cacom/a_WDPR Tomorrowland - Test' located by 'By.xpath: //div[@id='portlet-wrapper-EXT_6']/div[2]/div/div/form/table/tbody/tr[3]/td/a' not found
	at com.kms.katalon.core.webui.common.WebUiCommonHelper.findWebElement(WebUiCommonHelper.java:1097)
	at com.kms.katalon.core.webui.keyword.internal.WebUIAbstractKeyword.findWebElement(WebUIAbstractKeyword.groovy:27)
	at com.kms.katalon.core.webui.keyword.internal.WebUIAbstractKeyword.findWebElement(WebUIAbstractKeyword.groovy:26)
	at com.kms.katalon.core.webui.keyword.builtin.ClickKeyword$_click_closure1.doCall(ClickKeyword.groovy:77)
	at com.kms.katalon.core.webui.keyword.builtin.ClickKeyword$_click_closure1.call(ClickKeyword.groovy)
	at com.kms.katalon.core.webui.keyword.internal.WebUIKeywordMain.runKeyword(WebUIKeywordMain.groovy:20)
	at com.kms.katalon.core.webui.keyword.builtin.ClickKeyword.click(ClickKeyword.groovy:86)
	at com.kms.katalon.core.webui.keyword.builtin.ClickKeyword.execute(ClickKeyword.groovy:67)
	at com.kms.katalon.core.keyword.internal.KeywordExecutor.executeKeywordForPlatform(KeywordExecutor.groovy:56)
	at com.kms.katalon.core.webui.keyword.WebUiBuiltInKeywords.click(WebUiBuiltInKeywords.groovy:616)
	at com.kms.katalon.core.webui.keyword.WebUiBuiltInKeywords$click$2.call(Unknown Source)
	at Script1557079314604.run(Script1557079314604.groovy:28)
	... 13 more
"/>
         <system-out><![CDATA[2019-05-05 14:24:01 - [TEST_CASE][FAILED] - Test Cases/Login Validation Test Case with Excel: Test Cases/Login Validation Test Case with Excel FAILED.
Reason:
com.kms.katalon.core.exception.StepFailedException: Unable to click on object 'Object Repository/Login-TimeTimeEnter/Page_My Places - cacom/a_WDPR Tomorrowland - Test'
	at com.kms.katalon.core.webui.keyword.internal.WebUIKeywordMain.stepFailed(WebUIKeywordMain.groovy:64)
	at com.kms.katalon.core.webui.keyword.internal.WebUIKeywordMain.runKeyword(WebUIKeywordMain.groovy:26)
	at com.kms.katalon.core.webui.keyword.builtin.ClickKeyword.click(ClickKeyword.groovy:86)
	at com.kms.katalon.core.webui.keyword.builtin.ClickKeyword.execute(ClickKeyword.groovy:67)
	at com.kms.katalon.core.keyword.internal.KeywordExecutor.executeKeywordForPlatform(KeywordExecutor.groovy:56)
	at com.kms.katalon.core.webui.keyword.WebUiBuiltInKeywords.click(WebUiBuiltInKeywords.groovy:616)
	at com.kms.katalon.core.webui.keyword.WebUiBuiltInKeywords$click$2.call(Unknown Source)
	at Login Validation Test Case with Excel.run(Login Validation Test Case with Excel:28)
	at com.kms.katalon.core.main.ScriptEngine.run(ScriptEngine.java:194)
	at com.kms.katalon.core.main.ScriptEngine.runScriptAsRawText(ScriptEngine.java:119)
	at com.kms.katalon.core.main.TestCaseExecutor.runScript(TestCaseExecutor.java:336)
	at com.kms.katalon.core.main.TestCaseExecutor.doExecute(TestCaseExecutor.java:327)
	at com.kms.katalon.core.main.TestCaseExecutor.processExecutionPhase(TestCaseExecutor.java:306)
	at com.kms.katalon.core.main.TestCaseExecutor.accessMainPhase(TestCaseExecutor.java:298)
	at com.kms.katalon.core.main.TestCaseExecutor.execute(TestCaseExecutor.java:232)
	at com.kms.katalon.core.main.TestSuiteExecutor.accessTestCaseMainPhase(TestSuiteExecutor.java:129)
	at com.kms.katalon.core.main.TestSuiteExecutor.accessTestSuiteMainPhase(TestSuiteExecutor.java:112)
	at com.kms.katalon.core.main.TestSuiteExecutor.execute(TestSuiteExecutor.java:81)
	at com.kms.katalon.core.main.TestCaseMain.startTestSuite(TestCaseMain.java:157)
	at com.kms.katalon.core.main.TestCaseMain$startTestSuite$0.call(Unknown Source)
	at TempTestSuite1557080425257.run(TempTestSuite1557080425257.groovy:35)
Caused by: com.kms.katalon.core.webui.exception.WebElementNotFoundException: Web element with id: 'Object Repository/Login-TimeTimeEnter/Page_My Places - cacom/a_WDPR Tomorrowland - Test' located by 'By.xpath: //div[@id='portlet-wrapper-EXT_6']/div[2]/div/div/form/table/tbody/tr[3]/td/a' not found
	at com.kms.katalon.core.webui.common.WebUiCommonHelper.findWebElement(WebUiCommonHelper.java:1097)
	at com.kms.katalon.core.webui.keyword.internal.WebUIAbstractKeyword.findWebElement(WebUIAbstractKeyword.groovy:27)
	at com.kms.katalon.core.webui.keyword.internal.WebUIAbstractKeyword.findWebElement(WebUIAbstractKeyword.groovy:26)
	at com.kms.katalon.core.webui.keyword.builtin.ClickKeyword$_click_closure1.doCall(ClickKeyword.groovy:77)
	at com.kms.katalon.core.webui.keyword.builtin.ClickKeyword$_click_closure1.call(ClickKeyword.groovy)
	at com.kms.katalon.core.webui.keyword.internal.WebUIKeywordMain.runKeyword(WebUIKeywordMain.groovy:20)
	at com.kms.katalon.core.webui.keyword.builtin.ClickKeyword.click(ClickKeyword.groovy:86)
	at com.kms.katalon.core.webui.keyword.builtin.ClickKeyword.execute(ClickKeyword.groovy:67)
	at com.kms.katalon.core.keyword.internal.KeywordExecutor.executeKeywordForPlatform(KeywordExecutor.groovy:56)
	at com.kms.katalon.core.webui.keyword.WebUiBuiltInKeywords.click(WebUiBuiltInKeywords.groovy:616)
	at com.kms.katalon.core.webui.keyword.WebUiBuiltInKeywords$click$2.call(Unknown Source)
	at Script1557079314604.run(Script1557079314604.groovy:28)
	... 13 more


2019-05-05 14:24:01 - [TEST_STEP][PASSED] - openBrowser(""): Browser is opened with url: ''

2019-05-05 14:24:01 - [MESSAGE][WARNING] - A browser is already opened. Closing browser and opening a new one

2019-05-05 14:24:02 - [MESSAGE][INFO] - Starting 'Chrome' driver

2019-05-05 14:24:05 - [MESSAGE][PASSED] - Browser is opened with url: ''

2019-05-05 14:24:05 - [TEST_STEP][PASSED] - navigateToUrl("https://ondemand.ca.com/web/portal/login?TYPE=33554433&REALMOID=06-000ef9db-0146-19ef-9589-0194ac184032&GUID=&SMAUTHREASON=0&METHOD=GET&SMAGENTNAME=-SM-U2oxHNw%2fhwkS9d8eFxBR4kd609FfW4%2b3jBM0jHQpPFSdBOnBEsclAUJfVaZnAfcL&TARGET=-SM-https%3a%2f%2fondemand%2eca%2ecom%2fweb%2fselect%2fdestination"): Navigate to 'https://ondemand.ca.com/web/portal/login?TYPE=33554433&REALMOID=06-000ef9db-0146-19ef-9589-0194ac184032&GUID=&SMAUTHREASON=0&METHOD=GET&SMAGENTNAME=-SM-U2oxHNw%2fhwkS9d8eFxBR4kd609FfW4%2b3jBM0jHQpPFSdBOnBEsclAUJfVaZnAfcL&TARGET=-SM-https%3a%2f%2fondemand%2eca%2ecom%2fweb%2fselect%2fdestination' successfully

2019-05-05 14:24:08 - [MESSAGE][PASSED] - Navigate to 'https://ondemand.ca.com/web/portal/login?TYPE=33554433&REALMOID=06-000ef9db-0146-19ef-9589-0194ac184032&GUID=&SMAUTHREASON=0&METHOD=GET&SMAGENTNAME=-SM-U2oxHNw%2fhwkS9d8eFxBR4kd609FfW4%2b3jBM0jHQpPFSdBOnBEsclAUJfVaZnAfcL&TARGET=-SM-https%3a%2f%2fondemand%2eca%2ecom%2fweb%2fselect%2fdestination' successfully

2019-05-05 14:24:08 - [TEST_STEP][PASSED] - setText(findTestObject("Object Repository/Login-TimeTimeEnter/Page_Sign In - cacom/input_Email Address__58_login"), varEmailAddress): Text 'agility.coach@disney.com' is set on object 'Object Repository/Login-TimeTimeEnter/Page_Sign In - cacom/input_Email Address__58_login'

2019-05-05 14:24:08 - [MESSAGE][PASSED] - Text 'agility.coach@disney.com' is set on object 'Object Repository/Login-TimeTimeEnter/Page_Sign In - cacom/input_Email Address__58_login'

2019-05-05 14:24:08 - [TEST_STEP][PASSED] - setText(findTestObject("Object Repository/Login-TimeTimeEnter/Page_Sign In - cacom/input_Password__58_password"), varPassword): Text 'clarity0419' is set on object 'Object Repository/Login-TimeTimeEnter/Page_Sign In - cacom/input_Password__58_password'

2019-05-05 14:24:09 - [MESSAGE][PASSED] - Text 'clarity0419' is set on object 'Object Repository/Login-TimeTimeEnter/Page_Sign In - cacom/input_Password__58_password'

2019-05-05 14:24:09 - [TEST_STEP][PASSED] - click(findTestObject("Object Repository/Login-TimeTimeEnter/Page_Sign In - cacom/input")): Object: 'Object Repository/Login-TimeTimeEnter/Page_Sign In - cacom/input' is clicked on

2019-05-05 14:24:10 - [MESSAGE][PASSED] - Object: 'Object Repository/Login-TimeTimeEnter/Page_Sign In - cacom/input' is clicked on

2019-05-05 14:24:10 - [TEST_STEP][FAILED] - click(findTestObject("Object Repository/Login-TimeTimeEnter/Page_My Places - cacom/a_WDPR Tomorrowland - Test")): Unable to click on object 'Object Repository/Login-TimeTimeEnter/Page_My Places - cacom/a_WDPR Tomorrowland - Test' (Root cause: com.kms.katalon.core.exception.StepFailedException: Unable to click on object 'Object Repository/Login-TimeTimeEnter/Page_My Places - cacom/a_WDPR Tomorrowland - Test'
	at com.kms.katalon.core.webui.keyword.internal.WebUIKeywordMain.stepFailed(WebUIKeywordMain.groovy:64)
	at com.kms.katalon.core.webui.keyword.internal.WebUIKeywordMain.runKeyword(WebUIKeywordMain.groovy:26)
	at com.kms.katalon.core.webui.keyword.builtin.ClickKeyword.click(ClickKeyword.groovy:86)
	at com.kms.katalon.core.webui.keyword.builtin.ClickKeyword.execute(ClickKeyword.groovy:67)
	at com.kms.katalon.core.keyword.internal.KeywordExecutor.executeKeywordForPlatform(KeywordExecutor.groovy:56)
	at com.kms.katalon.core.webui.keyword.WebUiBuiltInKeywords.click(WebUiBuiltInKeywords.groovy:616)
	at com.kms.katalon.core.webui.keyword.WebUiBuiltInKeywords$click$2.call(Unknown Source)
	at Login Validation Test Case with Excel.run(Login Validation Test Case with Excel:28)
	at com.kms.katalon.core.main.ScriptEngine.run(ScriptEngine.java:194)
	at com.kms.katalon.core.main.ScriptEngine.runScriptAsRawText(ScriptEngine.java:119)
	at com.kms.katalon.core.main.TestCaseExecutor.runScript(TestCaseExecutor.java:336)
	at com.kms.katalon.core.main.TestCaseExecutor.doExecute(TestCaseExecutor.java:327)
	at com.kms.katalon.core.main.TestCaseExecutor.processExecutionPhase(TestCaseExecutor.java:306)
	at com.kms.katalon.core.main.TestCaseExecutor.accessMainPhase(TestCaseExecutor.java:298)
	at com.kms.katalon.core.main.TestCaseExecutor.execute(TestCaseExecutor.java:232)
	at com.kms.katalon.core.main.TestSuiteExecutor.accessTestCaseMainPhase(TestSuiteExecutor.java:129)
	at com.kms.katalon.core.main.TestSuiteExecutor.accessTestSuiteMainPhase(TestSuiteExecutor.java:112)
	at com.kms.katalon.core.main.TestSuiteExecutor.execute(TestSuiteExecutor.java:81)
	at com.kms.katalon.core.main.TestCaseMain.startTestSuite(TestCaseMain.java:157)
	at com.kms.katalon.core.main.TestCaseMain$startTestSuite$0.call(Unknown Source)
	at TempTestSuite1557080425257.run(TempTestSuite1557080425257.groovy:35)
Caused by: com.kms.katalon.core.webui.exception.WebElementNotFoundException: Web element with id: 'Object Repository/Login-TimeTimeEnter/Page_My Places - cacom/a_WDPR Tomorrowland - Test' located by 'By.xpath: //div[@id='portlet-wrapper-EXT_6']/div[2]/div/div/form/table/tbody/tr[3]/td/a' not found
	at com.kms.katalon.core.webui.common.WebUiCommonHelper.findWebElement(WebUiCommonHelper.java:1097)
	at com.kms.katalon.core.webui.keyword.internal.WebUIAbstractKeyword.findWebElement(WebUIAbstractKeyword.groovy:27)
	at com.kms.katalon.core.webui.keyword.internal.WebUIAbstractKeyword.findWebElement(WebUIAbstractKeyword.groovy:26)
	at com.kms.katalon.core.webui.keyword.builtin.ClickKeyword$_click_closure1.doCall(ClickKeyword.groovy:77)
	at com.kms.katalon.core.webui.keyword.builtin.ClickKeyword$_click_closure1.call(ClickKeyword.groovy)
	at com.kms.katalon.core.webui.keyword.internal.WebUIKeywordMain.runKeyword(WebUIKeywordMain.groovy:20)
	at com.kms.katalon.core.webui.keyword.builtin.ClickKeyword.click(ClickKeyword.groovy:86)
	at com.kms.katalon.core.webui.keyword.builtin.ClickKeyword.execute(ClickKeyword.groovy:67)
	at com.kms.katalon.core.keyword.internal.KeywordExecutor.executeKeywordForPlatform(KeywordExecutor.groovy:56)
	at com.kms.katalon.core.webui.keyword.WebUiBuiltInKeywords.click(WebUiBuiltInKeywords.groovy:616)
	at com.kms.katalon.core.webui.keyword.WebUiBuiltInKeywords$click$2.call(Unknown Source)
	at Script1557079314604.run(Script1557079314604.groovy:28)
	... 13 more
)

2019-05-05 14:24:41 - [MESSAGE][INFO] - Unable to find the element located by 'By.xpath: //div[@id='portlet-wrapper-EXT_6']/div[2]/div/div/form/table/tbody/tr[3]/td/a'. Please recheck the objects properties to make sure the desired element is located. 

2019-05-05 14:24:42 - [MESSAGE][FAILED] - Unable to click on object 'Object Repository/Login-TimeTimeEnter/Page_My Places - cacom/a_WDPR Tomorrowland - Test' (Root cause: com.kms.katalon.core.exception.StepFailedException: Unable to click on object 'Object Repository/Login-TimeTimeEnter/Page_My Places - cacom/a_WDPR Tomorrowland - Test'
	at com.kms.katalon.core.webui.keyword.internal.WebUIKeywordMain.stepFailed(WebUIKeywordMain.groovy:64)
	at com.kms.katalon.core.webui.keyword.internal.WebUIKeywordMain.runKeyword(WebUIKeywordMain.groovy:26)
	at com.kms.katalon.core.webui.keyword.builtin.ClickKeyword.click(ClickKeyword.groovy:86)
	at com.kms.katalon.core.webui.keyword.builtin.ClickKeyword.execute(ClickKeyword.groovy:67)
	at com.kms.katalon.core.keyword.internal.KeywordExecutor.executeKeywordForPlatform(KeywordExecutor.groovy:56)
	at com.kms.katalon.core.webui.keyword.WebUiBuiltInKeywords.click(WebUiBuiltInKeywords.groovy:616)
	at com.kms.katalon.core.webui.keyword.WebUiBuiltInKeywords$click$2.call(Unknown Source)
	at Login Validation Test Case with Excel.run(Login Validation Test Case with Excel:28)
	at com.kms.katalon.core.main.ScriptEngine.run(ScriptEngine.java:194)
	at com.kms.katalon.core.main.ScriptEngine.runScriptAsRawText(ScriptEngine.java:119)
	at com.kms.katalon.core.main.TestCaseExecutor.runScript(TestCaseExecutor.java:336)
	at com.kms.katalon.core.main.TestCaseExecutor.doExecute(TestCaseExecutor.java:327)
	at com.kms.katalon.core.main.TestCaseExecutor.processExecutionPhase(TestCaseExecutor.java:306)
	at com.kms.katalon.core.main.TestCaseExecutor.accessMainPhase(TestCaseExecutor.java:298)
	at com.kms.katalon.core.main.TestCaseExecutor.execute(TestCaseExecutor.java:232)
	at com.kms.katalon.core.main.TestSuiteExecutor.accessTestCaseMainPhase(TestSuiteExecutor.java:129)
	at com.kms.katalon.core.main.TestSuiteExecutor.accessTestSuiteMainPhase(TestSuiteExecutor.java:112)
	at com.kms.katalon.core.main.TestSuiteExecutor.execute(TestSuiteExecutor.java:81)
	at com.kms.katalon.core.main.TestCaseMain.startTestSuite(TestCaseMain.java:157)
	at com.kms.katalon.core.main.TestCaseMain$startTestSuite$0.call(Unknown Source)
	at TempTestSuite1557080425257.run(TempTestSuite1557080425257.groovy:35)
Caused by: com.kms.katalon.core.webui.exception.WebElementNotFoundException: Web element with id: 'Object Repository/Login-TimeTimeEnter/Page_My Places - cacom/a_WDPR Tomorrowland - Test' located by 'By.xpath: //div[@id='portlet-wrapper-EXT_6']/div[2]/div/div/form/table/tbody/tr[3]/td/a' not found
	at com.kms.katalon.core.webui.common.WebUiCommonHelper.findWebElement(WebUiCommonHelper.java:1097)
	at com.kms.katalon.core.webui.keyword.internal.WebUIAbstractKeyword.findWebElement(WebUIAbstractKeyword.groovy:27)
	at com.kms.katalon.core.webui.keyword.internal.WebUIAbstractKeyword.findWebElement(WebUIAbstractKeyword.groovy:26)
	at com.kms.katalon.core.webui.keyword.builtin.ClickKeyword$_click_closure1.doCall(ClickKeyword.groovy:77)
	at com.kms.katalon.core.webui.keyword.builtin.ClickKeyword$_click_closure1.call(ClickKeyword.groovy)
	at com.kms.katalon.core.webui.keyword.internal.WebUIKeywordMain.runKeyword(WebUIKeywordMain.groovy:20)
	at com.kms.katalon.core.webui.keyword.builtin.ClickKeyword.click(ClickKeyword.groovy:86)
	at com.kms.katalon.core.webui.keyword.builtin.ClickKeyword.execute(ClickKeyword.groovy:67)
	at com.kms.katalon.core.keyword.internal.KeywordExecutor.executeKeywordForPlatform(KeywordExecutor.groovy:56)
	at com.kms.katalon.core.webui.keyword.WebUiBuiltInKeywords.click(WebUiBuiltInKeywords.groovy:616)
	at com.kms.katalon.core.webui.keyword.WebUiBuiltInKeywords$click$2.call(Unknown Source)
	at Script1557079314604.run(Script1557079314604.groovy:28)
	... 13 more
)
[[ATTACHMENT|C:\\Users\\ahmas014\\git\\Katalon-Smoke-Test\\Reports\\Login Validation Test Suite for Test Case with Excel\\20190505_142025\\1557080681858.png]]]]></system-out>
         <system-err><![CDATA[2019-05-05 14:24:01 - [TEST_CASE][FAILED] - Test Cases/Login Validation Test Case with Excel: Test Cases/Login Validation Test Case with Excel FAILED.
Reason:
com.kms.katalon.core.exception.StepFailedException: Unable to click on object 'Object Repository/Login-TimeTimeEnter/Page_My Places - cacom/a_WDPR Tomorrowland - Test'
	at com.kms.katalon.core.webui.keyword.internal.WebUIKeywordMain.stepFailed(WebUIKeywordMain.groovy:64)
	at com.kms.katalon.core.webui.keyword.internal.WebUIKeywordMain.runKeyword(WebUIKeywordMain.groovy:26)
	at com.kms.katalon.core.webui.keyword.builtin.ClickKeyword.click(ClickKeyword.groovy:86)
	at com.kms.katalon.core.webui.keyword.builtin.ClickKeyword.execute(ClickKeyword.groovy:67)
	at com.kms.katalon.core.keyword.internal.KeywordExecutor.executeKeywordForPlatform(KeywordExecutor.groovy:56)
	at com.kms.katalon.core.webui.keyword.WebUiBuiltInKeywords.click(WebUiBuiltInKeywords.groovy:616)
	at com.kms.katalon.core.webui.keyword.WebUiBuiltInKeywords$click$2.call(Unknown Source)
	at Login Validation Test Case with Excel.run(Login Validation Test Case with Excel:28)
	at com.kms.katalon.core.main.ScriptEngine.run(ScriptEngine.java:194)
	at com.kms.katalon.core.main.ScriptEngine.runScriptAsRawText(ScriptEngine.java:119)
	at com.kms.katalon.core.main.TestCaseExecutor.runScript(TestCaseExecutor.java:336)
	at com.kms.katalon.core.main.TestCaseExecutor.doExecute(TestCaseExecutor.java:327)
	at com.kms.katalon.core.main.TestCaseExecutor.processExecutionPhase(TestCaseExecutor.java:306)
	at com.kms.katalon.core.main.TestCaseExecutor.accessMainPhase(TestCaseExecutor.java:298)
	at com.kms.katalon.core.main.TestCaseExecutor.execute(TestCaseExecutor.java:232)
	at com.kms.katalon.core.main.TestSuiteExecutor.accessTestCaseMainPhase(TestSuiteExecutor.java:129)
	at com.kms.katalon.core.main.TestSuiteExecutor.accessTestSuiteMainPhase(TestSuiteExecutor.java:112)
	at com.kms.katalon.core.main.TestSuiteExecutor.execute(TestSuiteExecutor.java:81)
	at com.kms.katalon.core.main.TestCaseMain.startTestSuite(TestCaseMain.java:157)
	at com.kms.katalon.core.main.TestCaseMain$startTestSuite$0.call(Unknown Source)
	at TempTestSuite1557080425257.run(TempTestSuite1557080425257.groovy:35)
Caused by: com.kms.katalon.core.webui.exception.WebElementNotFoundException: Web element with id: 'Object Repository/Login-TimeTimeEnter/Page_My Places - cacom/a_WDPR Tomorrowland - Test' located by 'By.xpath: //div[@id='portlet-wrapper-EXT_6']/div[2]/div/div/form/table/tbody/tr[3]/td/a' not found
	at com.kms.katalon.core.webui.common.WebUiCommonHelper.findWebElement(WebUiCommonHelper.java:1097)
	at com.kms.katalon.core.webui.keyword.internal.WebUIAbstractKeyword.findWebElement(WebUIAbstractKeyword.groovy:27)
	at com.kms.katalon.core.webui.keyword.internal.WebUIAbstractKeyword.findWebElement(WebUIAbstractKeyword.groovy:26)
	at com.kms.katalon.core.webui.keyword.builtin.ClickKeyword$_click_closure1.doCall(ClickKeyword.groovy:77)
	at com.kms.katalon.core.webui.keyword.builtin.ClickKeyword$_click_closure1.call(ClickKeyword.groovy)
	at com.kms.katalon.core.webui.keyword.internal.WebUIKeywordMain.runKeyword(WebUIKeywordMain.groovy:20)
	at com.kms.katalon.core.webui.keyword.builtin.ClickKeyword.click(ClickKeyword.groovy:86)
	at com.kms.katalon.core.webui.keyword.builtin.ClickKeyword.execute(ClickKeyword.groovy:67)
	at com.kms.katalon.core.keyword.internal.KeywordExecutor.executeKeywordForPlatform(KeywordExecutor.groovy:56)
	at com.kms.katalon.core.webui.keyword.WebUiBuiltInKeywords.click(WebUiBuiltInKeywords.groovy:616)
	at com.kms.katalon.core.webui.keyword.WebUiBuiltInKeywords$click$2.call(Unknown Source)
	at Script1557079314604.run(Script1557079314604.groovy:28)
	... 13 more]]></system-err>
      </testcase>
      <testcase name="Test Cases/Login Validation Test Case with Excel" classname="Test Cases/Login Validation Test Case with Excel" status="PASSED">
         <system-out><![CDATA[2019-05-05 14:24:42 - [TEST_CASE][PASSED] - Test Cases/Login Validation Test Case with Excel: Test Cases/Login Validation Test Case with Excel

2019-05-05 14:24:42 - [TEST_STEP][PASSED] - openBrowser(""): Browser is opened with url: ''

2019-05-05 14:24:42 - [MESSAGE][WARNING] - A browser is already opened. Closing browser and opening a new one

2019-05-05 14:24:44 - [MESSAGE][INFO] - Starting 'Chrome' driver

2019-05-05 14:24:47 - [MESSAGE][PASSED] - Browser is opened with url: ''

2019-05-05 14:24:47 - [TEST_STEP][PASSED] - navigateToUrl("https://ondemand.ca.com/web/portal/login?TYPE=33554433&REALMOID=06-000ef9db-0146-19ef-9589-0194ac184032&GUID=&SMAUTHREASON=0&METHOD=GET&SMAGENTNAME=-SM-U2oxHNw%2fhwkS9d8eFxBR4kd609FfW4%2b3jBM0jHQpPFSdBOnBEsclAUJfVaZnAfcL&TARGET=-SM-https%3a%2f%2fondemand%2eca%2ecom%2fweb%2fselect%2fdestination"): Navigate to 'https://ondemand.ca.com/web/portal/login?TYPE=33554433&REALMOID=06-000ef9db-0146-19ef-9589-0194ac184032&GUID=&SMAUTHREASON=0&METHOD=GET&SMAGENTNAME=-SM-U2oxHNw%2fhwkS9d8eFxBR4kd609FfW4%2b3jBM0jHQpPFSdBOnBEsclAUJfVaZnAfcL&TARGET=-SM-https%3a%2f%2fondemand%2eca%2ecom%2fweb%2fselect%2fdestination' successfully

2019-05-05 14:24:51 - [MESSAGE][PASSED] - Navigate to 'https://ondemand.ca.com/web/portal/login?TYPE=33554433&REALMOID=06-000ef9db-0146-19ef-9589-0194ac184032&GUID=&SMAUTHREASON=0&METHOD=GET&SMAGENTNAME=-SM-U2oxHNw%2fhwkS9d8eFxBR4kd609FfW4%2b3jBM0jHQpPFSdBOnBEsclAUJfVaZnAfcL&TARGET=-SM-https%3a%2f%2fondemand%2eca%2ecom%2fweb%2fselect%2fdestination' successfully

2019-05-05 14:24:51 - [TEST_STEP][PASSED] - setText(findTestObject("Object Repository/Login-TimeTimeEnter/Page_Sign In - cacom/input_Email Address__58_login"), varEmailAddress): Text 'kris.portfoliomanager@disney.com' is set on object 'Object Repository/Login-TimeTimeEnter/Page_Sign In - cacom/input_Email Address__58_login'

2019-05-05 14:24:51 - [MESSAGE][PASSED] - Text 'kris.portfoliomanager@disney.com' is set on object 'Object Repository/Login-TimeTimeEnter/Page_Sign In - cacom/input_Email Address__58_login'

2019-05-05 14:24:51 - [TEST_STEP][PASSED] - setText(findTestObject("Object Repository/Login-TimeTimeEnter/Page_Sign In - cacom/input_Password__58_password"), varPassword): Text 'clarity042019' is set on object 'Object Repository/Login-TimeTimeEnter/Page_Sign In - cacom/input_Password__58_password'

2019-05-05 14:24:52 - [MESSAGE][PASSED] - Text 'clarity042019' is set on object 'Object Repository/Login-TimeTimeEnter/Page_Sign In - cacom/input_Password__58_password'

2019-05-05 14:24:52 - [TEST_STEP][PASSED] - click(findTestObject("Object Repository/Login-TimeTimeEnter/Page_Sign In - cacom/input")): Object: 'Object Repository/Login-TimeTimeEnter/Page_Sign In - cacom/input' is clicked on

2019-05-05 14:24:53 - [MESSAGE][PASSED] - Object: 'Object Repository/Login-TimeTimeEnter/Page_Sign In - cacom/input' is clicked on

2019-05-05 14:24:53 - [TEST_STEP][PASSED] - click(findTestObject("Object Repository/Login-TimeTimeEnter/Page_My Places - cacom/a_WDPR Tomorrowland - Test")): Object: 'Object Repository/Login-TimeTimeEnter/Page_My Places - cacom/a_WDPR Tomorrowland - Test' is clicked on

2019-05-05 14:24:56 - [MESSAGE][PASSED] - Object: 'Object Repository/Login-TimeTimeEnter/Page_My Places - cacom/a_WDPR Tomorrowland - Test' is clicked on

2019-05-05 14:24:56 - [TEST_STEP][PASSED] - click(findTestObject("Object Repository/Login-TimeTimeEnter/Page_PPM - Last Refreshed on 4222019  Overview General/a_Logout")): Object: 'Object Repository/Login-TimeTimeEnter/Page_PPM - Last Refreshed on 4222019  Overview General/a_Logout' is clicked on

2019-05-05 14:25:00 - [MESSAGE][PASSED] - Object: 'Object Repository/Login-TimeTimeEnter/Page_PPM - Last Refreshed on 4222019  Overview General/a_Logout' is clicked on]]></system-out>
         <system-err><![CDATA[]]></system-err>
      </testcase>
      <testcase name="Test Cases/Login Validation Test Case with Excel" classname="Test Cases/Login Validation Test Case with Excel" status="PASSED">
         <system-out><![CDATA[2019-05-05 14:25:00 - [TEST_CASE][PASSED] - Test Cases/Login Validation Test Case with Excel: Test Cases/Login Validation Test Case with Excel

2019-05-05 14:25:00 - [TEST_STEP][PASSED] - openBrowser(""): Browser is opened with url: ''

2019-05-05 14:25:00 - [MESSAGE][WARNING] - A browser is already opened. Closing browser and opening a new one

2019-05-05 14:25:01 - [MESSAGE][INFO] - Starting 'Chrome' driver

2019-05-05 14:25:05 - [MESSAGE][PASSED] - Browser is opened with url: ''

2019-05-05 14:25:05 - [TEST_STEP][PASSED] - navigateToUrl("https://ondemand.ca.com/web/portal/login?TYPE=33554433&REALMOID=06-000ef9db-0146-19ef-9589-0194ac184032&GUID=&SMAUTHREASON=0&METHOD=GET&SMAGENTNAME=-SM-U2oxHNw%2fhwkS9d8eFxBR4kd609FfW4%2b3jBM0jHQpPFSdBOnBEsclAUJfVaZnAfcL&TARGET=-SM-https%3a%2f%2fondemand%2eca%2ecom%2fweb%2fselect%2fdestination"): Navigate to 'https://ondemand.ca.com/web/portal/login?TYPE=33554433&REALMOID=06-000ef9db-0146-19ef-9589-0194ac184032&GUID=&SMAUTHREASON=0&METHOD=GET&SMAGENTNAME=-SM-U2oxHNw%2fhwkS9d8eFxBR4kd609FfW4%2b3jBM0jHQpPFSdBOnBEsclAUJfVaZnAfcL&TARGET=-SM-https%3a%2f%2fondemand%2eca%2ecom%2fweb%2fselect%2fdestination' successfully

2019-05-05 14:25:08 - [MESSAGE][PASSED] - Navigate to 'https://ondemand.ca.com/web/portal/login?TYPE=33554433&REALMOID=06-000ef9db-0146-19ef-9589-0194ac184032&GUID=&SMAUTHREASON=0&METHOD=GET&SMAGENTNAME=-SM-U2oxHNw%2fhwkS9d8eFxBR4kd609FfW4%2b3jBM0jHQpPFSdBOnBEsclAUJfVaZnAfcL&TARGET=-SM-https%3a%2f%2fondemand%2eca%2ecom%2fweb%2fselect%2fdestination' successfully

2019-05-05 14:25:08 - [TEST_STEP][PASSED] - setText(findTestObject("Object Repository/Login-TimeTimeEnter/Page_Sign In - cacom/input_Email Address__58_login"), varEmailAddress): Text 'kevin.ideamanager@disney.com' is set on object 'Object Repository/Login-TimeTimeEnter/Page_Sign In - cacom/input_Email Address__58_login'

2019-05-05 14:25:09 - [MESSAGE][PASSED] - Text 'kevin.ideamanager@disney.com' is set on object 'Object Repository/Login-TimeTimeEnter/Page_Sign In - cacom/input_Email Address__58_login'

2019-05-05 14:25:09 - [TEST_STEP][PASSED] - setText(findTestObject("Object Repository/Login-TimeTimeEnter/Page_Sign In - cacom/input_Password__58_password"), varPassword): Text 'clarity0219' is set on object 'Object Repository/Login-TimeTimeEnter/Page_Sign In - cacom/input_Password__58_password'

2019-05-05 14:25:09 - [MESSAGE][PASSED] - Text 'clarity0219' is set on object 'Object Repository/Login-TimeTimeEnter/Page_Sign In - cacom/input_Password__58_password'

2019-05-05 14:25:09 - [TEST_STEP][PASSED] - click(findTestObject("Object Repository/Login-TimeTimeEnter/Page_Sign In - cacom/input")): Object: 'Object Repository/Login-TimeTimeEnter/Page_Sign In - cacom/input' is clicked on

2019-05-05 14:25:10 - [MESSAGE][PASSED] - Object: 'Object Repository/Login-TimeTimeEnter/Page_Sign In - cacom/input' is clicked on

2019-05-05 14:25:10 - [TEST_STEP][PASSED] - click(findTestObject("Object Repository/Login-TimeTimeEnter/Page_My Places - cacom/a_WDPR Tomorrowland - Test")): Object: 'Object Repository/Login-TimeTimeEnter/Page_My Places - cacom/a_WDPR Tomorrowland - Test' is clicked on

2019-05-05 14:25:13 - [MESSAGE][PASSED] - Object: 'Object Repository/Login-TimeTimeEnter/Page_My Places - cacom/a_WDPR Tomorrowland - Test' is clicked on

2019-05-05 14:25:13 - [TEST_STEP][PASSED] - click(findTestObject("Object Repository/Login-TimeTimeEnter/Page_PPM - Last Refreshed on 4222019  Overview General/a_Logout")): Object: 'Object Repository/Login-TimeTimeEnter/Page_PPM - Last Refreshed on 4222019  Overview General/a_Logout' is clicked on

2019-05-05 14:25:17 - [MESSAGE][PASSED] - Object: 'Object Repository/Login-TimeTimeEnter/Page_PPM - Last Refreshed on 4222019  Overview General/a_Logout' is clicked on]]></system-out>
         <system-err><![CDATA[]]></system-err>
      </testcase>
      <testcase name="Test Cases/Login Validation Test Case with Excel" classname="Test Cases/Login Validation Test Case with Excel" status="PASSED">
         <system-out><![CDATA[2019-05-05 14:25:17 - [TEST_CASE][PASSED] - Test Cases/Login Validation Test Case with Excel: Test Cases/Login Validation Test Case with Excel

2019-05-05 14:25:17 - [TEST_STEP][PASSED] - openBrowser(""): Browser is opened with url: ''

2019-05-05 14:25:17 - [MESSAGE][WARNING] - A browser is already opened. Closing browser and opening a new one

2019-05-05 14:25:19 - [MESSAGE][INFO] - Starting 'Chrome' driver

2019-05-05 14:25:22 - [MESSAGE][PASSED] - Browser is opened with url: ''

2019-05-05 14:25:22 - [TEST_STEP][PASSED] - navigateToUrl("https://ondemand.ca.com/web/portal/login?TYPE=33554433&REALMOID=06-000ef9db-0146-19ef-9589-0194ac184032&GUID=&SMAUTHREASON=0&METHOD=GET&SMAGENTNAME=-SM-U2oxHNw%2fhwkS9d8eFxBR4kd609FfW4%2b3jBM0jHQpPFSdBOnBEsclAUJfVaZnAfcL&TARGET=-SM-https%3a%2f%2fondemand%2eca%2ecom%2fweb%2fselect%2fdestination"): Navigate to 'https://ondemand.ca.com/web/portal/login?TYPE=33554433&REALMOID=06-000ef9db-0146-19ef-9589-0194ac184032&GUID=&SMAUTHREASON=0&METHOD=GET&SMAGENTNAME=-SM-U2oxHNw%2fhwkS9d8eFxBR4kd609FfW4%2b3jBM0jHQpPFSdBOnBEsclAUJfVaZnAfcL&TARGET=-SM-https%3a%2f%2fondemand%2eca%2ecom%2fweb%2fselect%2fdestination' successfully

2019-05-05 14:25:24 - [MESSAGE][PASSED] - Navigate to 'https://ondemand.ca.com/web/portal/login?TYPE=33554433&REALMOID=06-000ef9db-0146-19ef-9589-0194ac184032&GUID=&SMAUTHREASON=0&METHOD=GET&SMAGENTNAME=-SM-U2oxHNw%2fhwkS9d8eFxBR4kd609FfW4%2b3jBM0jHQpPFSdBOnBEsclAUJfVaZnAfcL&TARGET=-SM-https%3a%2f%2fondemand%2eca%2ecom%2fweb%2fselect%2fdestination' successfully

2019-05-05 14:25:24 - [TEST_STEP][PASSED] - setText(findTestObject("Object Repository/Login-TimeTimeEnter/Page_Sign In - cacom/input_Email Address__58_login"), varEmailAddress): Text 'elise.itdesigntrainer@disney.com' is set on object 'Object Repository/Login-TimeTimeEnter/Page_Sign In - cacom/input_Email Address__58_login'

2019-05-05 14:25:25 - [MESSAGE][PASSED] - Text 'elise.itdesigntrainer@disney.com' is set on object 'Object Repository/Login-TimeTimeEnter/Page_Sign In - cacom/input_Email Address__58_login'

2019-05-05 14:25:25 - [TEST_STEP][PASSED] - setText(findTestObject("Object Repository/Login-TimeTimeEnter/Page_Sign In - cacom/input_Password__58_password"), varPassword): Text 'clarity0419' is set on object 'Object Repository/Login-TimeTimeEnter/Page_Sign In - cacom/input_Password__58_password'

2019-05-05 14:25:26 - [MESSAGE][PASSED] - Text 'clarity0419' is set on object 'Object Repository/Login-TimeTimeEnter/Page_Sign In - cacom/input_Password__58_password'

2019-05-05 14:25:26 - [TEST_STEP][PASSED] - click(findTestObject("Object Repository/Login-TimeTimeEnter/Page_Sign In - cacom/input")): Object: 'Object Repository/Login-TimeTimeEnter/Page_Sign In - cacom/input' is clicked on

2019-05-05 14:25:27 - [MESSAGE][PASSED] - Object: 'Object Repository/Login-TimeTimeEnter/Page_Sign In - cacom/input' is clicked on

2019-05-05 14:25:27 - [TEST_STEP][PASSED] - click(findTestObject("Object Repository/Login-TimeTimeEnter/Page_My Places - cacom/a_WDPR Tomorrowland - Test")): Object: 'Object Repository/Login-TimeTimeEnter/Page_My Places - cacom/a_WDPR Tomorrowland - Test' is clicked on

2019-05-05 14:25:30 - [MESSAGE][PASSED] - Object: 'Object Repository/Login-TimeTimeEnter/Page_My Places - cacom/a_WDPR Tomorrowland - Test' is clicked on

2019-05-05 14:25:30 - [TEST_STEP][PASSED] - click(findTestObject("Object Repository/Login-TimeTimeEnter/Page_PPM - Last Refreshed on 4222019  Overview General/a_Logout")): Object: 'Object Repository/Login-TimeTimeEnter/Page_PPM - Last Refreshed on 4222019  Overview General/a_Logout' is clicked on

2019-05-05 14:25:33 - [MESSAGE][PASSED] - Object: 'Object Repository/Login-TimeTimeEnter/Page_PPM - Last Refreshed on 4222019  Overview General/a_Logout' is clicked on]]></system-out>
         <system-err><![CDATA[]]></system-err>
      </testcase>
      <system-out><![CDATA[2019-05-05 14:20:30 - [TEST_SUITE][FAILED] - Login Validation Test Suite for Test Case with Excel: Test Cases/Login Validation Test Case with Excel FAILED.
Reason:
com.kms.katalon.core.exception.StepFailedException: Unable to click on object 'Object Repository/Login-TimeTimeEnter/Page_My Places - cacom/a_WDPR Tomorrowland - Test'
	at com.kms.katalon.core.webui.keyword.internal.WebUIKeywordMain.stepFailed(WebUIKeywordMain.groovy:64)
	at com.kms.katalon.core.webui.keyword.internal.WebUIKeywordMain.runKeyword(WebUIKeywordMain.groovy:26)
	at com.kms.katalon.core.webui.keyword.builtin.ClickKeyword.click(ClickKeyword.groovy:86)
	at com.kms.katalon.core.webui.keyword.builtin.ClickKeyword.execute(ClickKeyword.groovy:67)
	at com.kms.katalon.core.keyword.internal.KeywordExecutor.executeKeywordForPlatform(KeywordExecutor.groovy:56)
	at com.kms.katalon.core.webui.keyword.WebUiBuiltInKeywords.click(WebUiBuiltInKeywords.groovy:616)
	at com.kms.katalon.core.webui.keyword.WebUiBuiltInKeywords$click$2.call(Unknown Source)
	at Login Validation Test Case with Excel.run(Login Validation Test Case with Excel:28)
	at com.kms.katalon.core.main.ScriptEngine.run(ScriptEngine.java:194)
	at com.kms.katalon.core.main.ScriptEngine.runScriptAsRawText(ScriptEngine.java:119)
	at com.kms.katalon.core.main.TestCaseExecutor.runScript(TestCaseExecutor.java:336)
	at com.kms.katalon.core.main.TestCaseExecutor.doExecute(TestCaseExecutor.java:327)
	at com.kms.katalon.core.main.TestCaseExecutor.processExecutionPhase(TestCaseExecutor.java:306)
	at com.kms.katalon.core.main.TestCaseExecutor.accessMainPhase(TestCaseExecutor.java:298)
	at com.kms.katalon.core.main.TestCaseExecutor.execute(TestCaseExecutor.java:232)
	at com.kms.katalon.core.main.TestSuiteExecutor.accessTestCaseMainPhase(TestSuiteExecutor.java:129)
	at com.kms.katalon.core.main.TestSuiteExecutor.accessTestSuiteMainPhase(TestSuiteExecutor.java:112)
	at com.kms.katalon.core.main.TestSuiteExecutor.execute(TestSuiteExecutor.java:81)
	at com.kms.katalon.core.main.TestCaseMain.startTestSuite(TestCaseMain.java:157)
	at com.kms.katalon.core.main.TestCaseMain$startTestSuite$0.call(Unknown Source)
	at TempTestSuite1557080425257.run(TempTestSuite1557080425257.groovy:35)
Caused by: com.kms.katalon.core.webui.exception.WebElementNotFoundException: Web element with id: 'Object Repository/Login-TimeTimeEnter/Page_My Places - cacom/a_WDPR Tomorrowland - Test' located by 'By.xpath: //div[@id='portlet-wrapper-EXT_6']/div[2]/div/div/form/table/tbody/tr[3]/td/a' not found
	at com.kms.katalon.core.webui.common.WebUiCommonHelper.findWebElement(WebUiCommonHelper.java:1097)
	at com.kms.katalon.core.webui.keyword.internal.WebUIAbstractKeyword.findWebElement(WebUIAbstractKeyword.groovy:27)
	at com.kms.katalon.core.webui.keyword.internal.WebUIAbstractKeyword.findWebElement(WebUIAbstractKeyword.groovy:26)
	at com.kms.katalon.core.webui.keyword.builtin.ClickKeyword$_click_closure1.doCall(ClickKeyword.groovy:77)
	at com.kms.katalon.core.webui.keyword.builtin.ClickKeyword$_click_closure1.call(ClickKeyword.groovy)
	at com.kms.katalon.core.webui.keyword.internal.WebUIKeywordMain.runKeyword(WebUIKeywordMain.groovy:20)
	at com.kms.katalon.core.webui.keyword.builtin.ClickKeyword.click(ClickKeyword.groovy:86)
	at com.kms.katalon.core.webui.keyword.builtin.ClickKeyword.execute(ClickKeyword.groovy:67)
	at com.kms.katalon.core.keyword.internal.KeywordExecutor.executeKeywordForPlatform(KeywordExecutor.groovy:56)
	at com.kms.katalon.core.webui.keyword.WebUiBuiltInKeywords.click(WebUiBuiltInKeywords.groovy:616)
	at com.kms.katalon.core.webui.keyword.WebUiBuiltInKeywords$click$2.call(Unknown Source)
	at Script1557079314604.run(Script1557079314604.groovy:28)
	... 13 more]]></system-out>
      <system-err><![CDATA[2019-05-05 14:20:30 - [TEST_SUITE][FAILED] - Login Validation Test Suite for Test Case with Excel: Test Cases/Login Validation Test Case with Excel FAILED.
Reason:
com.kms.katalon.core.exception.StepFailedException: Unable to click on object 'Object Repository/Login-TimeTimeEnter/Page_My Places - cacom/a_WDPR Tomorrowland - Test'
	at com.kms.katalon.core.webui.keyword.internal.WebUIKeywordMain.stepFailed(WebUIKeywordMain.groovy:64)
	at com.kms.katalon.core.webui.keyword.internal.WebUIKeywordMain.runKeyword(WebUIKeywordMain.groovy:26)
	at com.kms.katalon.core.webui.keyword.builtin.ClickKeyword.click(ClickKeyword.groovy:86)
	at com.kms.katalon.core.webui.keyword.builtin.ClickKeyword.execute(ClickKeyword.groovy:67)
	at com.kms.katalon.core.keyword.internal.KeywordExecutor.executeKeywordForPlatform(KeywordExecutor.groovy:56)
	at com.kms.katalon.core.webui.keyword.WebUiBuiltInKeywords.click(WebUiBuiltInKeywords.groovy:616)
	at com.kms.katalon.core.webui.keyword.WebUiBuiltInKeywords$click$2.call(Unknown Source)
	at Login Validation Test Case with Excel.run(Login Validation Test Case with Excel:28)
	at com.kms.katalon.core.main.ScriptEngine.run(ScriptEngine.java:194)
	at com.kms.katalon.core.main.ScriptEngine.runScriptAsRawText(ScriptEngine.java:119)
	at com.kms.katalon.core.main.TestCaseExecutor.runScript(TestCaseExecutor.java:336)
	at com.kms.katalon.core.main.TestCaseExecutor.doExecute(TestCaseExecutor.java:327)
	at com.kms.katalon.core.main.TestCaseExecutor.processExecutionPhase(TestCaseExecutor.java:306)
	at com.kms.katalon.core.main.TestCaseExecutor.accessMainPhase(TestCaseExecutor.java:298)
	at com.kms.katalon.core.main.TestCaseExecutor.execute(TestCaseExecutor.java:232)
	at com.kms.katalon.core.main.TestSuiteExecutor.accessTestCaseMainPhase(TestSuiteExecutor.java:129)
	at com.kms.katalon.core.main.TestSuiteExecutor.accessTestSuiteMainPhase(TestSuiteExecutor.java:112)
	at com.kms.katalon.core.main.TestSuiteExecutor.execute(TestSuiteExecutor.java:81)
	at com.kms.katalon.core.main.TestCaseMain.startTestSuite(TestCaseMain.java:157)
	at com.kms.katalon.core.main.TestCaseMain$startTestSuite$0.call(Unknown Source)
	at TempTestSuite1557080425257.run(TempTestSuite1557080425257.groovy:35)
Caused by: com.kms.katalon.core.webui.exception.WebElementNotFoundException: Web element with id: 'Object Repository/Login-TimeTimeEnter/Page_My Places - cacom/a_WDPR Tomorrowland - Test' located by 'By.xpath: //div[@id='portlet-wrapper-EXT_6']/div[2]/div/div/form/table/tbody/tr[3]/td/a' not found
	at com.kms.katalon.core.webui.common.WebUiCommonHelper.findWebElement(WebUiCommonHelper.java:1097)
	at com.kms.katalon.core.webui.keyword.internal.WebUIAbstractKeyword.findWebElement(WebUIAbstractKeyword.groovy:27)
	at com.kms.katalon.core.webui.keyword.internal.WebUIAbstractKeyword.findWebElement(WebUIAbstractKeyword.groovy:26)
	at com.kms.katalon.core.webui.keyword.builtin.ClickKeyword$_click_closure1.doCall(ClickKeyword.groovy:77)
	at com.kms.katalon.core.webui.keyword.builtin.ClickKeyword$_click_closure1.call(ClickKeyword.groovy)
	at com.kms.katalon.core.webui.keyword.internal.WebUIKeywordMain.runKeyword(WebUIKeywordMain.groovy:20)
	at com.kms.katalon.core.webui.keyword.builtin.ClickKeyword.click(ClickKeyword.groovy:86)
	at com.kms.katalon.core.webui.keyword.builtin.ClickKeyword.execute(ClickKeyword.groovy:67)
	at com.kms.katalon.core.keyword.internal.KeywordExecutor.executeKeywordForPlatform(KeywordExecutor.groovy:56)
	at com.kms.katalon.core.webui.keyword.WebUiBuiltInKeywords.click(WebUiBuiltInKeywords.groovy:616)
	at com.kms.katalon.core.webui.keyword.WebUiBuiltInKeywords$click$2.call(Unknown Source)
	at Script1557079314604.run(Script1557079314604.groovy:28)
	... 13 more]]></system-err>
   </testsuite>
</testsuites>
